
synpwrap -msg -prj "lab6_impl1_synplify.tcl" -log "lab6_impl1.srf"
Copyright (C) 1992-2017 Lattice Semiconductor Corporation. All rights reserved.
Lattice Diamond Version 3.10.0.111.2
    <postMsg mid="2011000" type="Info"    dynamic="0" navigation="0"  />

==contents of lab6_impl1.srf
#Build: Synplify Pro (R) M-2017.03L-SP1-1, Build 086R, Aug  4 2017
#install: C:\lscc\diamond\3.10_x64\synpbase
#OS: Windows 8 6.2
#Hostname: DESKTOP-2ITF9PR

# Mon Jan 14 15:32:26 2019

#Implementation: impl1

Synopsys HDL Compiler, version comp2017q2p1, Build 190R, built Aug  4 2017
@N|Running in 64-bit mode
Copyright (C) 1994-2017 Synopsys, Inc. This Synopsys software and all associated documentation are proprietary to Synopsys, Inc. and may only be used pursuant to the terms and conditions of a written license agreement with Synopsys, Inc. All other use, reproduction, modification, or distribution of the Synopsys software or the associated documentation is strictly prohibited.

Synopsys VHDL Compiler, version comp2017q2p1, Build 190R, built Aug  4 2017
@N|Running in 64-bit mode
Copyright (C) 1994-2017 Synopsys, Inc. This Synopsys software and all associated documentation are proprietary to Synopsys, Inc. and may only be used pursuant to the terms and conditions of a written license agreement with Synopsys, Inc. All other use, reproduction, modification, or distribution of the Synopsys software or the associated documentation is strictly prohibited.

@N: CD720 :"C:\lscc\diamond\3.10_x64\synpbase\lib\vhd\std.vhd":123:18:123:21|Setting time resolution to ps
@N:"C:\Users\Erny\Documents\FER\DIGLOG\labosi\lab6\source\sem_toplevel.vhd":5:7:5:9|Top entity is set to sem.
File C:\Users\Erny\Documents\FER\DIGLOG\labosi\lab6\source\sem_automat.vhd changed - recompiling
VHDL syntax check successful!
File C:\Users\Erny\Documents\FER\DIGLOG\labosi\lab6\source\sem_automat.vhd changed - recompiling
@N: CD630 :"C:\Users\Erny\Documents\FER\DIGLOG\labosi\lab6\source\sem_toplevel.vhd":5:7:5:9|Synthesizing work.sem.struct.
@N: CD630 :"C:\Users\Erny\Documents\FER\DIGLOG\labosi\lab6\sem_automat_modificirano.vhd":5:7:5:17|Synthesizing work.sem_automat.mix_moore_mealy.
Post processing for work.sem_automat.mix_moore_mealy
Post processing for work.sem.struct
@W: CL246 :"C:\Users\Erny\Documents\FER\DIGLOG\labosi\lab6\source\sem_toplevel.vhd":9:1:9:2|Input port bits 3 to 1 of sw(3 downto 0) are unused. Assign logic for all port bits or change the input port size.

At c_vhdl Exit (Real Time elapsed 0h:00m:00s; CPU Time elapsed 0h:00m:00s; Memory used current: 71MB peak: 72MB)

Process took 0h:00m:01s realtime, 0h:00m:01s cputime

Process completed successfully.
# Mon Jan 14 15:32:26 2019

###########################################################]
Synopsys Netlist Linker, version comp2017q2p1, Build 190R, built Aug  4 2017
@N|Running in 64-bit mode
File C:\Users\Erny\Documents\FER\DIGLOG\labosi\lab6\impl1\synwork\layer0.srs changed - recompiling

At syn_nfilter Exit (Real Time elapsed 0h:00m:00s; CPU Time elapsed 0h:00m:00s; Memory used current: 67MB peak: 68MB)

Process took 0h:00m:01s realtime, 0h:00m:01s cputime

Process completed successfully.
# Mon Jan 14 15:32:26 2019

###########################################################]
@END

At c_hdl Exit (Real Time elapsed 0h:00m:00s; CPU Time elapsed 0h:00m:00s; Memory used current: 3MB peak: 4MB)

Process took 0h:00m:01s realtime, 0h:00m:01s cputime

Process completed successfully.
# Mon Jan 14 15:32:26 2019

###########################################################]
Synopsys Netlist Linker, version comp2017q2p1, Build 190R, built Aug  4 2017
@N|Running in 64-bit mode
File C:\Users\Erny\Documents\FER\DIGLOG\labosi\lab6\impl1\synwork\lab6_impl1_comp.srs changed - recompiling

At syn_nfilter Exit (Real Time elapsed 0h:00m:00s; CPU Time elapsed 0h:00m:00s; Memory used current: 67MB peak: 68MB)

Process took 0h:00m:01s realtime, 0h:00m:01s cputime

Process completed successfully.
# Mon Jan 14 15:32:28 2019

###########################################################]
Pre-mapping Report

# Mon Jan 14 15:32:28 2019

Synopsys Lattice Technology Pre-mapping, Version maplat, Build 1796R, Built Aug  4 2017 11:10:16
Copyright (C) 1994-2017 Synopsys, Inc. This Synopsys software and all associated documentation are proprietary to Synopsys, Inc. and may only be used pursuant to the terms and conditions of a written license agreement with Synopsys, Inc. All other use, reproduction, modification, or distribution of the Synopsys software or the associated documentation is strictly prohibited.
Product Version M-2017.03L-SP1-1

Mapper Startup Complete (Real Time elapsed 0h:00m:00s; CPU Time elapsed 0h:00m:00s; Memory used current: 99MB peak: 99MB)

@A: MF827 |No constraint file specified.
@L: C:\Users\Erny\Documents\FER\DIGLOG\labosi\lab6\impl1\lab6_impl1_scck.rpt 
Printing clock  summary report in "C:\Users\Erny\Documents\FER\DIGLOG\labosi\lab6\impl1\lab6_impl1_scck.rpt" file 
@N: MF248 |Running in 64-bit mode.
@N: MF666 |Clock conversion enabled. (Command "set_option -fix_gated_and_generated_clocks 1" in the project file.)

Design Input Complete (Real Time elapsed 0h:00m:00s; CPU Time elapsed 0h:00m:00s; Memory used current: 100MB peak: 102MB)


Mapper Initialization Complete (Real Time elapsed 0h:00m:00s; CPU Time elapsed 0h:00m:00s; Memory used current: 100MB peak: 102MB)


Start loading timing files (Real Time elapsed 0h:00m:00s; CPU Time elapsed 0h:00m:00s; Memory used current: 111MB peak: 112MB)


Finished loading timing files (Real Time elapsed 0h:00m:00s; CPU Time elapsed 0h:00m:00s; Memory used current: 111MB peak: 114MB)

ICG Latch Removal Summary:
Number of ICG latches removed:	0
Number of ICG latches not removed:	0
syn_allowed_resources : blockrams=12  set on top level netlist sem

Finished netlist restructuring (Real Time elapsed 0h:00m:00s; CPU Time elapsed 0h:00m:00s; Memory used current: 139MB peak: 141MB)



Clock Summary
******************

          Start                                 Requested     Requested     Clock                          Clock                     Clock
Level     Clock                                 Frequency     Period        Type                           Group                     Load 
------------------------------------------------------------------------------------------------------------------------------------------
0 -       sem|clk_25m                           1.0 MHz       1000.000      inferred                       Autoconstr_clkgroup_0     24   
1 .         sem|R_clk_div_derived_clock[23]     1.0 MHz       1000.000      derived (from sem|clk_25m)     Autoconstr_clkgroup_0     12   
==========================================================================================================================================

@W: MT529 :"c:\users\erny\documents\fer\diglog\labosi\lab6\source\sem_toplevel.vhd":20:4:20:12|Found inferred clock sem|clk_25m which controls 24 sequential elements including R_clk_div[23:0]. This clock has no specified timing constraint which may prevent conversion of gated or generated clocks and may adversely impact design performance. 

Finished Pre Mapping Phase.

Starting constraint checker (Real Time elapsed 0h:00m:00s; CPU Time elapsed 0h:00m:00s; Memory used current: 139MB peak: 141MB)


Finished constraint checker preprocessing (Real Time elapsed 0h:00m:00s; CPU Time elapsed 0h:00m:00s; Memory used current: 139MB peak: 141MB)

None
None

Finished constraint checker (Real Time elapsed 0h:00m:00s; CPU Time elapsed 0h:00m:00s; Memory used current: 139MB peak: 141MB)

Pre-mapping successful!

At Mapper Exit (Real Time elapsed 0h:00m:00s; CPU Time elapsed 0h:00m:00s; Memory used current: 55MB peak: 141MB)

Process took 0h:00m:01s realtime, 0h:00m:01s cputime
# Mon Jan 14 15:32:28 2019

###########################################################]
Map & Optimize Report

# Mon Jan 14 15:32:28 2019

Synopsys Lattice Technology Mapper, Version maplat, Build 1796R, Built Aug  4 2017 11:10:16
Copyright (C) 1994-2017 Synopsys, Inc. This Synopsys software and all associated documentation are proprietary to Synopsys, Inc. and may only be used pursuant to the terms and conditions of a written license agreement with Synopsys, Inc. All other use, reproduction, modification, or distribution of the Synopsys software or the associated documentation is strictly prohibited.
Product Version M-2017.03L-SP1-1

Mapper Startup Complete (Real Time elapsed 0h:00m:00s; CPU Time elapsed 0h:00m:00s; Memory used current: 99MB peak: 99MB)

@N: MF248 |Running in 64-bit mode.
@N: MF666 |Clock conversion enabled. (Command "set_option -fix_gated_and_generated_clocks 1" in the project file.)

Design Input Complete (Real Time elapsed 0h:00m:00s; CPU Time elapsed 0h:00m:00s; Memory used current: 98MB peak: 100MB)


Mapper Initialization Complete (Real Time elapsed 0h:00m:00s; CPU Time elapsed 0h:00m:00s; Memory used current: 99MB peak: 100MB)


Start loading timing files (Real Time elapsed 0h:00m:00s; CPU Time elapsed 0h:00m:00s; Memory used current: 111MB peak: 112MB)


Finished loading timing files (Real Time elapsed 0h:00m:00s; CPU Time elapsed 0h:00m:00s; Memory used current: 111MB peak: 114MB)



Starting Optimization and Mapping (Real Time elapsed 0h:00m:00s; CPU Time elapsed 0h:00m:00s; Memory used current: 139MB peak: 141MB)


Available hyper_sources - for debug and ip models
	None Found

@N: MT206 |Auto Constrain mode is enabled

Finished RTL optimizations (Real Time elapsed 0h:00m:00s; CPU Time elapsed 0h:00m:00s; Memory used current: 139MB peak: 141MB)


Starting factoring (Real Time elapsed 0h:00m:00s; CPU Time elapsed 0h:00m:00s; Memory used current: 140MB peak: 141MB)


Finished factoring (Real Time elapsed 0h:00m:00s; CPU Time elapsed 0h:00m:00s; Memory used current: 140MB peak: 141MB)


Starting gated-clock and generated-clock conversion (Real Time elapsed 0h:00m:00s; CPU Time elapsed 0h:00m:00s; Memory used current: 140MB peak: 141MB)


Finished gated-clock and generated-clock conversion (Real Time elapsed 0h:00m:00s; CPU Time elapsed 0h:00m:00s; Memory used current: 140MB peak: 141MB)


Finished generic timing optimizations - Pass 1 (Real Time elapsed 0h:00m:00s; CPU Time elapsed 0h:00m:00s; Memory used current: 140MB peak: 141MB)

@N: FA113 :"c:\users\erny\documents\fer\diglog\labosi\lab6\source\sem_toplevel.vhd":20:17:20:31|Pipelining module un2_r_clk_div[23:0]. For more information, search for "pipelining" in Online Help.
@N: MF169 :"c:\users\erny\documents\fer\diglog\labosi\lab6\source\sem_toplevel.vhd":20:4:20:12|Pushed in register R_clk_div[23:0].

Starting Early Timing Optimization (Real Time elapsed 0h:00m:00s; CPU Time elapsed 0h:00m:00s; Memory used current: 140MB peak: 141MB)


Finished Early Timing Optimization (Real Time elapsed 0h:00m:00s; CPU Time elapsed 0h:00m:00s; Memory used current: 141MB peak: 141MB)


Finished generic timing optimizations - Pass 2 (Real Time elapsed 0h:00m:00s; CPU Time elapsed 0h:00m:00s; Memory used current: 140MB peak: 141MB)


Finished preparing to map (Real Time elapsed 0h:00m:00s; CPU Time elapsed 0h:00m:00s; Memory used current: 141MB peak: 141MB)


Finished technology mapping (Real Time elapsed 0h:00m:00s; CPU Time elapsed 0h:00m:00s; Memory used current: 140MB peak: 142MB)

Pass		 CPU time		Worst Slack		Luts / Registers
------------------------------------------------------------
   1		0h:00m:00s		    -1.75ns		  41 /        37
   2		0h:00m:00s		    -1.75ns		  41 /        37
@N: FX271 :|Replicating instance I_automat.g0_0 (in view: work.sem(struct)) with 12 loads 1 time to improve timing.
Timing driven replication report
Added 0 Registers via timing driven replication
Added 1 LUTs via timing driven replication

   3		0h:00m:01s		    -2.15ns		  44 /        37
   4		0h:00m:01s		    -2.15ns		  44 /        37
   5		0h:00m:01s		    -2.15ns		  44 /        37
   6		0h:00m:01s		    -1.67ns		  44 /        37
@N: FX271 :"c:\users\erny\documents\fer\diglog\labosi\lab6\sem_automat_modificirano.vhd":95:1:95:2|Replicating instance I_automat.R_stanje[0] (in view: work.sem(struct)) with 12 loads 1 time to improve timing.
@N: FX271 :"c:\users\erny\documents\fer\diglog\labosi\lab6\sem_automat_modificirano.vhd":67:1:67:2|Replicating instance I_automat.R_timer[0] (in view: work.sem(struct)) with 10 loads 1 time to improve timing.
@N: FX271 :"c:\users\erny\documents\fer\diglog\labosi\lab6\sem_automat_modificirano.vhd":67:1:67:2|Replicating instance I_automat.R_timer[4] (in view: work.sem(struct)) with 7 loads 1 time to improve timing.
@N: FX271 :"c:\users\erny\documents\fer\diglog\labosi\lab6\sem_automat_modificirano.vhd":67:1:67:2|Replicating instance I_automat.R_timer[3] (in view: work.sem(struct)) with 8 loads 1 time to improve timing.
Added 4 Registers via timing driven replication
Added 4 LUTs via timing driven replication

   7		0h:00m:01s		    -1.61ns		  47 /        41
   8		0h:00m:01s		    -1.27ns		  47 /        41
   9		0h:00m:01s		    -1.61ns		  47 /        41

Finished technology timing optimizations and critical path resynthesis (Real Time elapsed 0h:00m:01s; CPU Time elapsed 0h:00m:01s; Memory used current: 144MB peak: 145MB)

@N: FX164 |The option to pack registers in the IOB has not been specified. Please set syn_useioff attribute.  

Finished restoring hierarchy (Real Time elapsed 0h:00m:01s; CPU Time elapsed 0h:00m:01s; Memory used current: 144MB peak: 145MB)

@N: MT611 :|Automatically generated clock sem|R_clk_div_derived_clock[23] is not used and is being removed


@S |Clock Optimization Summary


#### START OF CLOCK OPTIMIZATION REPORT #####[

1 non-gated/non-generated clock tree(s) driving 41 clock pin(s) of sequential element(s)
0 gated/generated clock tree(s) driving 0 clock pin(s) of sequential element(s)
16 instances converted, 0 sequential instances remain driven by gated/generated clocks

=========================== Non-Gated/Non-Generated Clocks ============================
Clock Tree ID     Driving Element     Drive Element Type     Fanout     Sample Instance
---------------------------------------------------------------------------------------
@K:CKID0001       clk_25m             port                   41         R_clk_div[23]  
=======================================================================================


##### END OF CLOCK OPTIMIZATION REPORT ######]


Start Writing Netlists (Real Time elapsed 0h:00m:01s; CPU Time elapsed 0h:00m:01s; Memory used current: 109MB peak: 145MB)

Writing Analyst data base C:\Users\Erny\Documents\FER\DIGLOG\labosi\lab6\impl1\synwork\lab6_impl1_m.srm

Finished Writing Netlist Databases (Real Time elapsed 0h:00m:01s; CPU Time elapsed 0h:00m:01s; Memory used current: 140MB peak: 145MB)

Writing EDIF Netlist and constraint files
@N: FX1056 |Writing EDF file: C:\Users\Erny\Documents\FER\DIGLOG\labosi\lab6\impl1\lab6_impl1.edi
M-2017.03L-SP1-1
@N: BW106 |Synplicity Constraint File capacitance units using default value of 1pF 

Finished Writing EDIF Netlist and constraint files (Real Time elapsed 0h:00m:01s; CPU Time elapsed 0h:00m:01s; Memory used current: 144MB peak: 146MB)


Start final timing analysis (Real Time elapsed 0h:00m:02s; CPU Time elapsed 0h:00m:01s; Memory used current: 145MB peak: 146MB)

@W: MT420 |Found inferred clock sem|clk_25m with period 4.71ns. Please declare a user-defined clock on object "p:clk_25m"


##### START OF TIMING REPORT #####[
# Timing Report written on Mon Jan 14 15:32:30 2019
#


Top view:               sem
Requested Frequency:    212.4 MHz
Wire load mode:         top
Paths requested:        5
Constraint File(s):    
@N: MT320 |This timing report is an estimate of place and route data. For final timing results, use the FPGA vendor place and route report.

@N: MT322 |Clock constraints include only register-to-register paths associated with each individual clock.



Performance Summary
*******************


Worst slack in design: -0.831

                   Requested     Estimated     Requested     Estimated                Clock        Clock                
Starting Clock     Frequency     Frequency     Period        Period        Slack      Type         Group                
------------------------------------------------------------------------------------------------------------------------
sem|clk_25m        212.4 MHz     180.5 MHz     4.708         5.539         -0.831     inferred     Autoconstr_clkgroup_0
========================================================================================================================





Clock Relationships
*******************

Clocks                    |    rise  to  rise    |    fall  to  fall   |    rise  to  fall   |    fall  to  rise 
-----------------------------------------------------------------------------------------------------------------
Starting     Ending       |  constraint  slack   |  constraint  slack  |  constraint  slack  |  constraint  slack
-----------------------------------------------------------------------------------------------------------------
sem|clk_25m  sem|clk_25m  |  4.708       -0.831  |  No paths    -      |  No paths    -      |  No paths    -    
=================================================================================================================
 Note: 'No paths' indicates there are no paths in the design for that pair of clock edges.
       'Diff grp' indicates that paths exist but the starting clock and ending clock are in different clock groups.



Interface Information 
*********************

No IO constraint found



====================================
Detailed Report for Clock: sem|clk_25m
====================================



Starting Points with Worst Slack
********************************

                               Starting                                                 Arrival           
Instance                       Reference       Type        Pin     Net                  Time        Slack 
                               Clock                                                                      
----------------------------------------------------------------------------------------------------------
I_automat.R_timer[5]           sem|clk_25m     FD1P3IX     Q       R_timer[5]           1.251       -0.831
I_automat.R_stanje_fast[0]     sem|clk_25m     FD1P3AX     Q       R_stanje_fast[0]     1.213       -0.793
I_automat.R_timer[6]           sem|clk_25m     FD1P3IX     Q       R_timer[6]           1.213       -0.793
I_automat.R_timer[7]           sem|clk_25m     FD1P3IX     Q       R_timer[7]           1.166       -0.746
I_automat.R_timer_fast[0]      sem|clk_25m     FD1S3IX     Q       R_timer_fast[0]      1.166       -0.746
I_automat.R_timer_fast[3]      sem|clk_25m     FD1P3IX     Q       R_timer_fast[3]      1.166       -0.746
I_automat.R_timer_fast[4]      sem|clk_25m     FD1P3IX     Q       R_timer_fast[4]      1.091       -0.671
R_clk_div_pipe_24              sem|clk_25m     FD1S3AX     Q       un2_r_clk_div[0]     1.166       -0.073
I_automat.R_stanje[1]          sem|clk_25m     FD1P3AX     Q       R_stanje[1]          1.335       -0.032
I_automat.R_stanje[2]          sem|clk_25m     FD1P3AX     Q       R_stanje[2]          1.326       -0.023
==========================================================================================================


Ending Points with Worst Slack
******************************

                              Starting                                         Required           
Instance                      Reference       Type        Pin     Net          Time         Slack 
                              Clock                                                               
--------------------------------------------------------------------------------------------------
I_automat.R_timer[0]          sem|clk_25m     FD1S3IX     CD      g0_0_iso     4.348        -0.831
I_automat.R_timer[1]          sem|clk_25m     FD1P3IX     CD      g0_0_iso     4.348        -0.831
I_automat.R_timer[2]          sem|clk_25m     FD1P3IX     CD      g0_0_iso     4.348        -0.831
I_automat.R_timer[3]          sem|clk_25m     FD1P3IX     CD      g0_0_iso     4.348        -0.831
I_automat.R_timer[4]          sem|clk_25m     FD1P3IX     CD      g0_0_iso     4.348        -0.831
I_automat.R_timer[5]          sem|clk_25m     FD1P3IX     CD      g0_0_iso     4.348        -0.831
I_automat.R_timer[6]          sem|clk_25m     FD1P3IX     CD      g0_0_iso     4.348        -0.831
I_automat.R_timer[7]          sem|clk_25m     FD1P3IX     CD      g0_0_iso     4.348        -0.831
I_automat.R_timer_fast[0]     sem|clk_25m     FD1S3IX     CD      g0_0_iso     4.348        -0.831
I_automat.R_timer_fast[3]     sem|clk_25m     FD1P3IX     CD      g0_0_iso     4.348        -0.831
==================================================================================================



Worst Path Information
***********************


Path information for path number 1: 
      Requested Period:                      4.708
    - Setup time:                            0.360
    + Clock delay at ending point:           0.000 (ideal)
    = Required time:                         4.348

    - Propagation time:                      5.179
    - Clock delay at starting point:         0.000 (ideal)
    = Slack (critical) :                     -0.831

    Number of logic level(s):                4
    Starting point:                          I_automat.R_timer[5] / Q
    Ending point:                            I_automat.R_timer[0] / CD
    The start point is clocked by            sem|clk_25m [rising] on pin CK
    The end   point is clocked by            sem|clk_25m [rising] on pin CK

Instance / Net                                     Pin      Pin               Arrival     No. of    
Name                                  Type         Name     Dir     Delay     Time        Fan Out(s)
----------------------------------------------------------------------------------------------------
I_automat.R_timer[5]                  FD1P3IX      Q        Out     1.251     1.251       -         
R_timer[5]                            Net          -        -       -         -           5         
I_automat.R_timer_fast_RNIEOTT[3]     ORCALUT4     A        In      0.000     1.251       -         
I_automat.R_timer_fast_RNIEOTT[3]     ORCALUT4     Z        Out     0.883     2.134       -         
R_timer_fast_RNIEOTT[3]               Net          -        -       -         -           1         
I_automat.R_stanje_RNITNGS1[3]        ORCALUT4     D        In      0.000     2.134       -         
I_automat.R_stanje_RNITNGS1[3]        ORCALUT4     Z        Out     0.968     3.102       -         
R_stanje_RNITNGS1[3]                  Net          -        -       -         -           2         
I_automat.R_timer_RNIK16G4[1]         ORCALUT4     C        In      0.000     3.102       -         
I_automat.R_timer_RNIK16G4[1]         ORCALUT4     Z        Out     0.883     3.986       -         
R_timer_RNIK16G4[1]                   Net          -        -       -         -           1         
I_automat.R_timer_RNI8REMA[0]         ORCALUT4     A        In      0.000     3.986       -         
I_automat.R_timer_RNI8REMA[0]         ORCALUT4     Z        Out     1.194     5.179       -         
g0_0_iso                              Net          -        -       -         -           11        
I_automat.R_timer[0]                  FD1S3IX      CD       In      0.000     5.179       -         
====================================================================================================


Path information for path number 2: 
      Requested Period:                      4.708
    - Setup time:                            0.360
    + Clock delay at ending point:           0.000 (ideal)
    = Required time:                         4.348

    - Propagation time:                      5.179
    - Clock delay at starting point:         0.000 (ideal)
    = Slack (critical) :                     -0.831

    Number of logic level(s):                4
    Starting point:                          I_automat.R_timer[5] / Q
    Ending point:                            I_automat.R_timer[7] / CD
    The start point is clocked by            sem|clk_25m [rising] on pin CK
    The end   point is clocked by            sem|clk_25m [rising] on pin CK

Instance / Net                                     Pin      Pin               Arrival     No. of    
Name                                  Type         Name     Dir     Delay     Time        Fan Out(s)
----------------------------------------------------------------------------------------------------
I_automat.R_timer[5]                  FD1P3IX      Q        Out     1.251     1.251       -         
R_timer[5]                            Net          -        -       -         -           5         
I_automat.R_timer_fast_RNIEOTT[3]     ORCALUT4     A        In      0.000     1.251       -         
I_automat.R_timer_fast_RNIEOTT[3]     ORCALUT4     Z        Out     0.883     2.134       -         
R_timer_fast_RNIEOTT[3]               Net          -        -       -         -           1         
I_automat.R_stanje_RNITNGS1[3]        ORCALUT4     D        In      0.000     2.134       -         
I_automat.R_stanje_RNITNGS1[3]        ORCALUT4     Z        Out     0.968     3.102       -         
R_stanje_RNITNGS1[3]                  Net          -        -       -         -           2         
I_automat.R_timer_RNIK16G4[1]         ORCALUT4     C        In      0.000     3.102       -         
I_automat.R_timer_RNIK16G4[1]         ORCALUT4     Z        Out     0.883     3.986       -         
R_timer_RNIK16G4[1]                   Net          -        -       -         -           1         
I_automat.R_timer_RNI8REMA[0]         ORCALUT4     A        In      0.000     3.986       -         
I_automat.R_timer_RNI8REMA[0]         ORCALUT4     Z        Out     1.194     5.179       -         
g0_0_iso                              Net          -        -       -         -           11        
I_automat.R_timer[7]                  FD1P3IX      CD       In      0.000     5.179       -         
====================================================================================================


Path information for path number 3: 
      Requested Period:                      4.708
    - Setup time:                            0.360
    + Clock delay at ending point:           0.000 (ideal)
    = Required time:                         4.348

    - Propagation time:                      5.179
    - Clock delay at starting point:         0.000 (ideal)
    = Slack (critical) :                     -0.831

    Number of logic level(s):                4
    Starting point:                          I_automat.R_timer[5] / Q
    Ending point:                            I_automat.R_timer[6] / CD
    The start point is clocked by            sem|clk_25m [rising] on pin CK
    The end   point is clocked by            sem|clk_25m [rising] on pin CK

Instance / Net                                     Pin      Pin               Arrival     No. of    
Name                                  Type         Name     Dir     Delay     Time        Fan Out(s)
----------------------------------------------------------------------------------------------------
I_automat.R_timer[5]                  FD1P3IX      Q        Out     1.251     1.251       -         
R_timer[5]                            Net          -        -       -         -           5         
I_automat.R_timer_fast_RNIEOTT[3]     ORCALUT4     A        In      0.000     1.251       -         
I_automat.R_timer_fast_RNIEOTT[3]     ORCALUT4     Z        Out     0.883     2.134       -         
R_timer_fast_RNIEOTT[3]               Net          -        -       -         -           1         
I_automat.R_stanje_RNITNGS1[3]        ORCALUT4     D        In      0.000     2.134       -         
I_automat.R_stanje_RNITNGS1[3]        ORCALUT4     Z        Out     0.968     3.102       -         
R_stanje_RNITNGS1[3]                  Net          -        -       -         -           2         
I_automat.R_timer_RNIK16G4[1]         ORCALUT4     C        In      0.000     3.102       -         
I_automat.R_timer_RNIK16G4[1]         ORCALUT4     Z        Out     0.883     3.986       -         
R_timer_RNIK16G4[1]                   Net          -        -       -         -           1         
I_automat.R_timer_RNI8REMA[0]         ORCALUT4     A        In      0.000     3.986       -         
I_automat.R_timer_RNI8REMA[0]         ORCALUT4     Z        Out     1.194     5.179       -         
g0_0_iso                              Net          -        -       -         -           11        
I_automat.R_timer[6]                  FD1P3IX      CD       In      0.000     5.179       -         
====================================================================================================


Path information for path number 4: 
      Requested Period:                      4.708
    - Setup time:                            0.360
    + Clock delay at ending point:           0.000 (ideal)
    = Required time:                         4.348

    - Propagation time:                      5.179
    - Clock delay at starting point:         0.000 (ideal)
    = Slack (critical) :                     -0.831

    Number of logic level(s):                4
    Starting point:                          I_automat.R_timer[5] / Q
    Ending point:                            I_automat.R_timer[5] / CD
    The start point is clocked by            sem|clk_25m [rising] on pin CK
    The end   point is clocked by            sem|clk_25m [rising] on pin CK

Instance / Net                                     Pin      Pin               Arrival     No. of    
Name                                  Type         Name     Dir     Delay     Time        Fan Out(s)
----------------------------------------------------------------------------------------------------
I_automat.R_timer[5]                  FD1P3IX      Q        Out     1.251     1.251       -         
R_timer[5]                            Net          -        -       -         -           5         
I_automat.R_timer_fast_RNIEOTT[3]     ORCALUT4     A        In      0.000     1.251       -         
I_automat.R_timer_fast_RNIEOTT[3]     ORCALUT4     Z        Out     0.883     2.134       -         
R_timer_fast_RNIEOTT[3]               Net          -        -       -         -           1         
I_automat.R_stanje_RNITNGS1[3]        ORCALUT4     D        In      0.000     2.134       -         
I_automat.R_stanje_RNITNGS1[3]        ORCALUT4     Z        Out     0.968     3.102       -         
R_stanje_RNITNGS1[3]                  Net          -        -       -         -           2         
I_automat.R_timer_RNIK16G4[1]         ORCALUT4     C        In      0.000     3.102       -         
I_automat.R_timer_RNIK16G4[1]         ORCALUT4     Z        Out     0.883     3.986       -         
R_timer_RNIK16G4[1]                   Net          -        -       -         -           1         
I_automat.R_timer_RNI8REMA[0]         ORCALUT4     A        In      0.000     3.986       -         
I_automat.R_timer_RNI8REMA[0]         ORCALUT4     Z        Out     1.194     5.179       -         
g0_0_iso                              Net          -        -       -         -           11        
I_automat.R_timer[5]                  FD1P3IX      CD       In      0.000     5.179       -         
====================================================================================================


Path information for path number 5: 
      Requested Period:                      4.708
    - Setup time:                            0.360
    + Clock delay at ending point:           0.000 (ideal)
    = Required time:                         4.348

    - Propagation time:                      5.179
    - Clock delay at starting point:         0.000 (ideal)
    = Slack (critical) :                     -0.831

    Number of logic level(s):                4
    Starting point:                          I_automat.R_timer[5] / Q
    Ending point:                            I_automat.R_timer[4] / CD
    The start point is clocked by            sem|clk_25m [rising] on pin CK
    The end   point is clocked by            sem|clk_25m [rising] on pin CK

Instance / Net                                     Pin      Pin               Arrival     No. of    
Name                                  Type         Name     Dir     Delay     Time        Fan Out(s)
----------------------------------------------------------------------------------------------------
I_automat.R_timer[5]                  FD1P3IX      Q        Out     1.251     1.251       -         
R_timer[5]                            Net          -        -       -         -           5         
I_automat.R_timer_fast_RNIEOTT[3]     ORCALUT4     A        In      0.000     1.251       -         
I_automat.R_timer_fast_RNIEOTT[3]     ORCALUT4     Z        Out     0.883     2.134       -         
R_timer_fast_RNIEOTT[3]               Net          -        -       -         -           1         
I_automat.R_stanje_RNITNGS1[3]        ORCALUT4     D        In      0.000     2.134       -         
I_automat.R_stanje_RNITNGS1[3]        ORCALUT4     Z        Out     0.968     3.102       -         
R_stanje_RNITNGS1[3]                  Net          -        -       -         -           2         
I_automat.R_timer_RNIK16G4[1]         ORCALUT4     C        In      0.000     3.102       -         
I_automat.R_timer_RNIK16G4[1]         ORCALUT4     Z        Out     0.883     3.986       -         
R_timer_RNIK16G4[1]                   Net          -        -       -         -           1         
I_automat.R_timer_RNI8REMA[0]         ORCALUT4     A        In      0.000     3.986       -         
I_automat.R_timer_RNI8REMA[0]         ORCALUT4     Z        Out     1.194     5.179       -         
g0_0_iso                              Net          -        -       -         -           11        
I_automat.R_timer[4]                  FD1P3IX      CD       In      0.000     5.179       -         
====================================================================================================



##### END OF TIMING REPORT #####]

Timing exceptions that could not be applied
None

Finished final timing analysis (Real Time elapsed 0h:00m:02s; CPU Time elapsed 0h:00m:01s; Memory used current: 145MB peak: 146MB)


Finished timing report (Real Time elapsed 0h:00m:02s; CPU Time elapsed 0h:00m:01s; Memory used current: 145MB peak: 146MB)

---------------------------------------
Resource Usage Report
Part: lfxp2_8e-5

Register bits: 41 of 8352 (0%)
PIC Latch:       0
I/O cells:       11


Details:
CCU2B:          25
FD1P3AX:        5
FD1P3IX:        9
FD1S3AX:        25
FD1S3IX:        2
GSR:            1
IB:             3
INV:            1
OB:             8
ORCALUT4:       46
PUR:            1
VHI:            2
VLO:            2
Mapper successful!

At Mapper Exit (Real Time elapsed 0h:00m:02s; CPU Time elapsed 0h:00m:01s; Memory used current: 32MB peak: 146MB)

Process took 0h:00m:02s realtime, 0h:00m:01s cputime
# Mon Jan 14 15:32:31 2019

###########################################################]


Synthesis exit by 0.

edif2ngd  -l "LatticeXP2" -d LFXP2-8E -path "C:/Users/Erny/Documents/FER/DIGLOG/labosi/lab6/impl1" -path "C:/Users/Erny/Documents/FER/DIGLOG/labosi/lab6"   "C:/Users/Erny/Documents/FER/DIGLOG/labosi/lab6/impl1/lab6_impl1.edi" "lab6_impl1.ngo"   
edif2ngd:  version Diamond (64-bit) 3.10.0.111.2

Copyright (c) 1991-1994 by NeoCAD Inc. All rights reserved.
Copyright (c) 1995 AT&T Corp.   All rights reserved.
Copyright (c) 1995-2001 Lucent Technologies Inc.  All rights reserved.
Copyright (c) 2001 Agere Systems   All rights reserved.
Copyright (c) 2002-2017 Lattice Semiconductor Corporation,  All rights reserved.
Writing the design to lab6_impl1.ngo...

Total CPU Time: 0 secs  

Total REAL Time: 0 secs  


ngdbuild  -a "LatticeXP2" -d LFXP2-8E  -p "C:/lscc/diamond/3.10_x64/ispfpga/mg5a00/data"  -p "C:/Users/Erny/Documents/FER/DIGLOG/labosi/lab6/impl1" -p "C:/Users/Erny/Documents/FER/DIGLOG/labosi/lab6"  "lab6_impl1.ngo" "lab6_impl1.ngd"  	
ngdbuild:  version Diamond (64-bit) 3.10.0.111.2

Copyright (c) 1991-1994 by NeoCAD Inc. All rights reserved.
Copyright (c) 1995 AT&T Corp.   All rights reserved.
Copyright (c) 1995-2001 Lucent Technologies Inc.  All rights reserved.
Copyright (c) 2001 Agere Systems   All rights reserved.
Copyright (c) 2002-2017 Lattice Semiconductor Corporation,  All rights reserved.
Reading 'lab6_impl1.ngo' ...
Loading NGL library 'C:/lscc/diamond/3.10_x64/ispfpga/mg5a00/data/mg5alib.ngl'...
Loading NGL library 'C:/lscc/diamond/3.10_x64/ispfpga/ep5a00/data/ep5alib.ngl'...
Loading NGL library 'C:/lscc/diamond/3.10_x64/ispfpga/ep5g00/data/ep5glib.ngl'...
Loading NGL library 'C:/lscc/diamond/3.10_x64/ispfpga/or5g00/data/orc5glib.ngl'...


Running DRC...

    <postMsg mid="1166052" type="Warning" dynamic="2" navigation="1" arg0="logical" arg1="sw[1]" arg2="sw[1]"  />
    <postMsg mid="1166052" type="Warning" dynamic="2" navigation="1" arg0="logical" arg1="sw[2]" arg2="sw[2]"  />
    <postMsg mid="1166052" type="Warning" dynamic="2" navigation="1" arg0="logical" arg1="sw[3]" arg2="sw[3]"  />
    <postMsg mid="1163101" type="Warning" dynamic="1" navigation="0" arg0="3"  />

Design Results:
    129 blocks expanded
Complete the first expansion.
Writing 'lab6_impl1.ngd' ...
Total CPU Time: 0 secs  

Total REAL Time: 0 secs  


map -a "LatticeXP2" -p LFXP2-8E -t TQFP144 -s 5 -oc Commercial   "lab6_impl1.ngd" -o "lab6_impl1_map.ncd" -pr "lab6_impl1.prf" -mp "lab6_impl1.mrp" -lpf "C:/Users/Erny/Documents/FER/DIGLOG/labosi/lab6/impl1/lab6_impl1_synplify.lpf" -lpf "C:/Users/Erny/Documents/FER/DIGLOG/labosi/lab6/source/ulx2s.lpf"             
map:  version Diamond (64-bit) 3.10.0.111.2

Copyright (c) 1991-1994 by NeoCAD Inc. All rights reserved.
Copyright (c) 1995 AT&T Corp.   All rights reserved.
Copyright (c) 1995-2001 Lucent Technologies Inc.  All rights reserved.
Copyright (c) 2001 Agere Systems   All rights reserved.
Copyright (c) 2002-2017 Lattice Semiconductor Corporation,  All rights reserved.
   Process the file: lab6_impl1.ngd
   Picdevice="LFXP2-8E"

   Pictype="TQFP144"

   Picspeed=5

   Remove unused logic

   Do not produce over sized NCDs.

Part used: LFXP2-8ETQFP144, Performance used: 5.

    <postMsg mid="1100679" type="Warning" dynamic="2" navigation="2" arg0="C:/Users/Erny/Documents/FER/DIGLOG/labosi/lab6/source/ulx2s.lpf(18): Semantic error in &quot;LOCATE COMP &quot;rs232_rx&quot; SITE &quot;10&quot; ;&quot;: " arg1="rs232_rx" arg2="C:/Users/Erny/Documents/FER/DIGLOG/labosi/lab6/source/ulx2s.lpf" arg3="18"  />
    <postMsg mid="1100679" type="Warning" dynamic="2" navigation="2" arg0="C:/Users/Erny/Documents/FER/DIGLOG/labosi/lab6/source/ulx2s.lpf(19): Semantic error in &quot;LOCATE COMP &quot;rs232_tx&quot; SITE &quot;137&quot; ;&quot;: " arg1="rs232_tx" arg2="C:/Users/Erny/Documents/FER/DIGLOG/labosi/lab6/source/ulx2s.lpf" arg3="19"  />
    <postMsg mid="1100679" type="Warning" dynamic="2" navigation="2" arg0="C:/Users/Erny/Documents/FER/DIGLOG/labosi/lab6/source/ulx2s.lpf(38): Semantic error in &quot;LOCATE COMP &quot;btn_up&quot; SITE &quot;11&quot; ;&quot;: " arg1="btn_up" arg2="C:/Users/Erny/Documents/FER/DIGLOG/labosi/lab6/source/ulx2s.lpf" arg3="38"  />
    <postMsg mid="1100679" type="Warning" dynamic="2" navigation="2" arg0="C:/Users/Erny/Documents/FER/DIGLOG/labosi/lab6/source/ulx2s.lpf(40): Semantic error in &quot;LOCATE COMP &quot;btn_left&quot; SITE &quot;2&quot; ;&quot;: " arg1="btn_left" arg2="C:/Users/Erny/Documents/FER/DIGLOG/labosi/lab6/source/ulx2s.lpf" arg3="40"  />
    <postMsg mid="1100679" type="Warning" dynamic="2" navigation="2" arg0="C:/Users/Erny/Documents/FER/DIGLOG/labosi/lab6/source/ulx2s.lpf(41): Semantic error in &quot;LOCATE COMP &quot;btn_right&quot; SITE &quot;38&quot; ;&quot;: " arg1="btn_right" arg2="C:/Users/Erny/Documents/FER/DIGLOG/labosi/lab6/source/ulx2s.lpf" arg3="41"  />
    <postMsg mid="1100679" type="Warning" dynamic="2" navigation="2" arg0="C:/Users/Erny/Documents/FER/DIGLOG/labosi/lab6/source/ulx2s.lpf(42): Semantic error in &quot;LOCATE COMP &quot;btn_center&quot; SITE &quot;22&quot; ;&quot;: " arg1="btn_center" arg2="C:/Users/Erny/Documents/FER/DIGLOG/labosi/lab6/source/ulx2s.lpf" arg3="42"  />
    <postMsg mid="1100679" type="Warning" dynamic="2" navigation="2" arg0="C:/Users/Erny/Documents/FER/DIGLOG/labosi/lab6/source/ulx2s.lpf(45): Semantic error in &quot;LOCATE COMP &quot;p_ring&quot; SITE &quot;44&quot; ;&quot;: " arg1="p_ring" arg2="C:/Users/Erny/Documents/FER/DIGLOG/labosi/lab6/source/ulx2s.lpf" arg3="45"  />
    <postMsg mid="1100679" type="Warning" dynamic="2" navigation="2" arg0="C:/Users/Erny/Documents/FER/DIGLOG/labosi/lab6/source/ulx2s.lpf(46): Semantic error in &quot;LOCATE COMP &quot;p_tip_0&quot; SITE &quot;32&quot; ;&quot;: " arg1="p_tip_0" arg2="C:/Users/Erny/Documents/FER/DIGLOG/labosi/lab6/source/ulx2s.lpf" arg3="46"  />
    <postMsg mid="1100679" type="Warning" dynamic="2" navigation="2" arg0="C:/Users/Erny/Documents/FER/DIGLOG/labosi/lab6/source/ulx2s.lpf(47): Semantic error in &quot;LOCATE COMP &quot;p_tip_1&quot; SITE &quot;27&quot; ;&quot;: " arg1="p_tip_1" arg2="C:/Users/Erny/Documents/FER/DIGLOG/labosi/lab6/source/ulx2s.lpf" arg3="47"  />
    <postMsg mid="1100679" type="Warning" dynamic="2" navigation="2" arg0="C:/Users/Erny/Documents/FER/DIGLOG/labosi/lab6/source/ulx2s.lpf(48): Semantic error in &quot;LOCATE COMP &quot;p_tip_2&quot; SITE &quot;28&quot; ;&quot;: " arg1="p_tip_2" arg2="C:/Users/Erny/Documents/FER/DIGLOG/labosi/lab6/source/ulx2s.lpf" arg3="48"  />
    <postMsg mid="1100679" type="Warning" dynamic="2" navigation="2" arg0="C:/Users/Erny/Documents/FER/DIGLOG/labosi/lab6/source/ulx2s.lpf(49): Semantic error in &quot;LOCATE COMP &quot;p_tip_3&quot; SITE &quot;43&quot; ;&quot;: " arg1="p_tip_3" arg2="C:/Users/Erny/Documents/FER/DIGLOG/labosi/lab6/source/ulx2s.lpf" arg3="49"  />
    <postMsg mid="1100679" type="Warning" dynamic="2" navigation="2" arg0="C:/Users/Erny/Documents/FER/DIGLOG/labosi/lab6/source/ulx2s.lpf(52): Semantic error in &quot;LOCATE COMP &quot;flash_cen&quot; SITE &quot;13&quot; ;&quot;: " arg1="flash_cen" arg2="C:/Users/Erny/Documents/FER/DIGLOG/labosi/lab6/source/ulx2s.lpf" arg3="52"  />
    <postMsg mid="1100679" type="Warning" dynamic="2" navigation="2" arg0="C:/Users/Erny/Documents/FER/DIGLOG/labosi/lab6/source/ulx2s.lpf(53): Semantic error in &quot;LOCATE COMP &quot;flash_sck&quot; SITE &quot;16&quot; ;&quot;: " arg1="flash_sck" arg2="C:/Users/Erny/Documents/FER/DIGLOG/labosi/lab6/source/ulx2s.lpf" arg3="53"  />
    <postMsg mid="1100679" type="Warning" dynamic="2" navigation="2" arg0="C:/Users/Erny/Documents/FER/DIGLOG/labosi/lab6/source/ulx2s.lpf(54): Semantic error in &quot;LOCATE COMP &quot;flash_si&quot; SITE &quot;19&quot; ;&quot;: " arg1="flash_si" arg2="C:/Users/Erny/Documents/FER/DIGLOG/labosi/lab6/source/ulx2s.lpf" arg3="54"  />
    <postMsg mid="1100679" type="Warning" dynamic="2" navigation="2" arg0="C:/Users/Erny/Documents/FER/DIGLOG/labosi/lab6/source/ulx2s.lpf(55): Semantic error in &quot;LOCATE COMP &quot;flash_so&quot; SITE &quot;18&quot; ;&quot;: " arg1="flash_so" arg2="C:/Users/Erny/Documents/FER/DIGLOG/labosi/lab6/source/ulx2s.lpf" arg3="55"  />
    <postMsg mid="1100679" type="Warning" dynamic="2" navigation="2" arg0="C:/Users/Erny/Documents/FER/DIGLOG/labosi/lab6/source/ulx2s.lpf(58): Semantic error in &quot;LOCATE COMP &quot;sdcard_cen&quot; SITE &quot;15&quot; ;&quot;: " arg1="sdcard_cen" arg2="C:/Users/Erny/Documents/FER/DIGLOG/labosi/lab6/source/ulx2s.lpf" arg3="58"  />
    <postMsg mid="1100679" type="Warning" dynamic="2" navigation="2" arg0="C:/Users/Erny/Documents/FER/DIGLOG/labosi/lab6/source/ulx2s.lpf(59): Semantic error in &quot;LOCATE COMP &quot;sdcard_sck&quot; SITE &quot;20&quot; ;&quot;: " arg1="sdcard_sck" arg2="C:/Users/Erny/Documents/FER/DIGLOG/labosi/lab6/source/ulx2s.lpf" arg3="59"  />
    <postMsg mid="1100679" type="Warning" dynamic="2" navigation="2" arg0="C:/Users/Erny/Documents/FER/DIGLOG/labosi/lab6/source/ulx2s.lpf(60): Semantic error in &quot;LOCATE COMP &quot;sdcard_si&quot; SITE &quot;17&quot; ;&quot;: " arg1="sdcard_si" arg2="C:/Users/Erny/Documents/FER/DIGLOG/labosi/lab6/source/ulx2s.lpf" arg3="60"  />
    <postMsg mid="1100679" type="Warning" dynamic="2" navigation="2" arg0="C:/Users/Erny/Documents/FER/DIGLOG/labosi/lab6/source/ulx2s.lpf(61): Semantic error in &quot;LOCATE COMP &quot;sdcard_so&quot; SITE &quot;21&quot; ;&quot;: " arg1="sdcard_so" arg2="C:/Users/Erny/Documents/FER/DIGLOG/labosi/lab6/source/ulx2s.lpf" arg3="61"  />
    <postMsg mid="1100679" type="Warning" dynamic="2" navigation="2" arg0="C:/Users/Erny/Documents/FER/DIGLOG/labosi/lab6/source/ulx2s.lpf(64): Semantic error in &quot;LOCATE COMP &quot;sram_wel&quot; SITE &quot;93&quot; ;&quot;: " arg1="sram_wel" arg2="C:/Users/Erny/Documents/FER/DIGLOG/labosi/lab6/source/ulx2s.lpf" arg3="64"  />
    <postMsg mid="1100679" type="Warning" dynamic="2" navigation="2" arg0="C:/Users/Erny/Documents/FER/DIGLOG/labosi/lab6/source/ulx2s.lpf(65): Semantic error in &quot;LOCATE COMP &quot;sram_lbl&quot; SITE &quot;120&quot; ;&quot;: " arg1="sram_lbl" arg2="C:/Users/Erny/Documents/FER/DIGLOG/labosi/lab6/source/ulx2s.lpf" arg3="65"  />
    <postMsg mid="1100679" type="Warning" dynamic="2" navigation="2" arg0="C:/Users/Erny/Documents/FER/DIGLOG/labosi/lab6/source/ulx2s.lpf(66): Semantic error in &quot;LOCATE COMP &quot;sram_ubl&quot; SITE &quot;121&quot; ;&quot;: " arg1="sram_ubl" arg2="C:/Users/Erny/Documents/FER/DIGLOG/labosi/lab6/source/ulx2s.lpf" arg3="66"  />
    <postMsg mid="1100679" type="Warning" dynamic="2" navigation="2" arg0="C:/Users/Erny/Documents/FER/DIGLOG/labosi/lab6/source/ulx2s.lpf(67): Semantic error in &quot;LOCATE COMP &quot;sram_a_0&quot; SITE &quot;101&quot; ;&quot;: " arg1="sram_a_0" arg2="C:/Users/Erny/Documents/FER/DIGLOG/labosi/lab6/source/ulx2s.lpf" arg3="67"  />
    <postMsg mid="1100679" type="Warning" dynamic="2" navigation="2" arg0="C:/Users/Erny/Documents/FER/DIGLOG/labosi/lab6/source/ulx2s.lpf(68): Semantic error in &quot;LOCATE COMP &quot;sram_a_1&quot; SITE &quot;103&quot; ;&quot;: " arg1="sram_a_1" arg2="C:/Users/Erny/Documents/FER/DIGLOG/labosi/lab6/source/ulx2s.lpf" arg3="68"  />
    <postMsg mid="1100679" type="Warning" dynamic="2" navigation="2" arg0="C:/Users/Erny/Documents/FER/DIGLOG/labosi/lab6/source/ulx2s.lpf(69): Semantic error in &quot;LOCATE COMP &quot;sram_a_2&quot; SITE &quot;104&quot; ;&quot;: " arg1="sram_a_2" arg2="C:/Users/Erny/Documents/FER/DIGLOG/labosi/lab6/source/ulx2s.lpf" arg3="69"  />
    <postMsg mid="1100679" type="Warning" dynamic="2" navigation="2" arg0="C:/Users/Erny/Documents/FER/DIGLOG/labosi/lab6/source/ulx2s.lpf(70): Semantic error in &quot;LOCATE COMP &quot;sram_a_3&quot; SITE &quot;107&quot; ;&quot;: " arg1="sram_a_3" arg2="C:/Users/Erny/Documents/FER/DIGLOG/labosi/lab6/source/ulx2s.lpf" arg3="70"  />
    <postMsg mid="1100679" type="Warning" dynamic="2" navigation="2" arg0="C:/Users/Erny/Documents/FER/DIGLOG/labosi/lab6/source/ulx2s.lpf(71): Semantic error in &quot;LOCATE COMP &quot;sram_a_4&quot; SITE &quot;108&quot; ;&quot;: " arg1="sram_a_4" arg2="C:/Users/Erny/Documents/FER/DIGLOG/labosi/lab6/source/ulx2s.lpf" arg3="71"  />
    <postMsg mid="1100679" type="Warning" dynamic="2" navigation="2" arg0="C:/Users/Erny/Documents/FER/DIGLOG/labosi/lab6/source/ulx2s.lpf(72): Semantic error in &quot;LOCATE COMP &quot;sram_a_5&quot; SITE &quot;125&quot; ;&quot;: " arg1="sram_a_5" arg2="C:/Users/Erny/Documents/FER/DIGLOG/labosi/lab6/source/ulx2s.lpf" arg3="72"  />
    <postMsg mid="1100679" type="Warning" dynamic="2" navigation="2" arg0="C:/Users/Erny/Documents/FER/DIGLOG/labosi/lab6/source/ulx2s.lpf(73): Semantic error in &quot;LOCATE COMP &quot;sram_a_6&quot; SITE &quot;127&quot; ;&quot;: " arg1="sram_a_6" arg2="C:/Users/Erny/Documents/FER/DIGLOG/labosi/lab6/source/ulx2s.lpf" arg3="73"  />
    <postMsg mid="1100679" type="Warning" dynamic="2" navigation="2" arg0="C:/Users/Erny/Documents/FER/DIGLOG/labosi/lab6/source/ulx2s.lpf(74): Semantic error in &quot;LOCATE COMP &quot;sram_a_7&quot; SITE &quot;122&quot; ;&quot;: " arg1="sram_a_7" arg2="C:/Users/Erny/Documents/FER/DIGLOG/labosi/lab6/source/ulx2s.lpf" arg3="74"  />
    <postMsg mid="1100679" type="Warning" dynamic="2" navigation="2" arg0="C:/Users/Erny/Documents/FER/DIGLOG/labosi/lab6/source/ulx2s.lpf(75): Semantic error in &quot;LOCATE COMP &quot;sram_a_8&quot; SITE &quot;58&quot; ;&quot;: " arg1="sram_a_8" arg2="C:/Users/Erny/Documents/FER/DIGLOG/labosi/lab6/source/ulx2s.lpf" arg3="75"  />
    <postMsg mid="1100679" type="Warning" dynamic="2" navigation="2" arg0="C:/Users/Erny/Documents/FER/DIGLOG/labosi/lab6/source/ulx2s.lpf(76): Semantic error in &quot;LOCATE COMP &quot;sram_a_9&quot; SITE &quot;53&quot; ;&quot;: " arg1="sram_a_9" arg2="C:/Users/Erny/Documents/FER/DIGLOG/labosi/lab6/source/ulx2s.lpf" arg3="76"  />
    <postMsg mid="1100679" type="Warning" dynamic="2" navigation="2" arg0="C:/Users/Erny/Documents/FER/DIGLOG/labosi/lab6/source/ulx2s.lpf(77): Semantic error in &quot;LOCATE COMP &quot;sram_a_10&quot; SITE &quot;54&quot; ;&quot;: " arg1="sram_a_10" arg2="C:/Users/Erny/Documents/FER/DIGLOG/labosi/lab6/source/ulx2s.lpf" arg3="77"  />
    <postMsg mid="1100679" type="Warning" dynamic="2" navigation="2" arg0="C:/Users/Erny/Documents/FER/DIGLOG/labosi/lab6/source/ulx2s.lpf(78): Semantic error in &quot;LOCATE COMP &quot;sram_a_11&quot; SITE &quot;55&quot; ;&quot;: " arg1="sram_a_11" arg2="C:/Users/Erny/Documents/FER/DIGLOG/labosi/lab6/source/ulx2s.lpf" arg3="78"  />
    <postMsg mid="1100679" type="Warning" dynamic="2" navigation="2" arg0="C:/Users/Erny/Documents/FER/DIGLOG/labosi/lab6/source/ulx2s.lpf(79): Semantic error in &quot;LOCATE COMP &quot;sram_a_12&quot; SITE &quot;56&quot; ;&quot;: " arg1="sram_a_12" arg2="C:/Users/Erny/Documents/FER/DIGLOG/labosi/lab6/source/ulx2s.lpf" arg3="79"  />
    <postMsg mid="1100679" type="Warning" dynamic="2" navigation="2" arg0="C:/Users/Erny/Documents/FER/DIGLOG/labosi/lab6/source/ulx2s.lpf(80): Semantic error in &quot;LOCATE COMP &quot;sram_a_13&quot; SITE &quot;57&quot; ;&quot;: " arg1="sram_a_13" arg2="C:/Users/Erny/Documents/FER/DIGLOG/labosi/lab6/source/ulx2s.lpf" arg3="80"  />
    <postMsg mid="1100679" type="Warning" dynamic="2" navigation="2" arg0="C:/Users/Erny/Documents/FER/DIGLOG/labosi/lab6/source/ulx2s.lpf(81): Semantic error in &quot;LOCATE COMP &quot;sram_a_14&quot; SITE &quot;73&quot; ;&quot;: " arg1="sram_a_14" arg2="C:/Users/Erny/Documents/FER/DIGLOG/labosi/lab6/source/ulx2s.lpf" arg3="81"  />
    <postMsg mid="1100679" type="Warning" dynamic="2" navigation="2" arg0="C:/Users/Erny/Documents/FER/DIGLOG/labosi/lab6/source/ulx2s.lpf(82): Semantic error in &quot;LOCATE COMP &quot;sram_a_15&quot; SITE &quot;74&quot; ;&quot;: " arg1="sram_a_15" arg2="C:/Users/Erny/Documents/FER/DIGLOG/labosi/lab6/source/ulx2s.lpf" arg3="82"  />
    <postMsg mid="1100679" type="Warning" dynamic="2" navigation="2" arg0="C:/Users/Erny/Documents/FER/DIGLOG/labosi/lab6/source/ulx2s.lpf(83): Semantic error in &quot;LOCATE COMP &quot;sram_a_16&quot; SITE &quot;77&quot; ;&quot;: " arg1="sram_a_16" arg2="C:/Users/Erny/Documents/FER/DIGLOG/labosi/lab6/source/ulx2s.lpf" arg3="83"  />
    <postMsg mid="1100679" type="Warning" dynamic="2" navigation="2" arg0="C:/Users/Erny/Documents/FER/DIGLOG/labosi/lab6/source/ulx2s.lpf(84): Semantic error in &quot;LOCATE COMP &quot;sram_a_17&quot; SITE &quot;78&quot; ;&quot;: " arg1="sram_a_17" arg2="C:/Users/Erny/Documents/FER/DIGLOG/labosi/lab6/source/ulx2s.lpf" arg3="84"  />
    <postMsg mid="1100679" type="Warning" dynamic="2" navigation="2" arg0="C:/Users/Erny/Documents/FER/DIGLOG/labosi/lab6/source/ulx2s.lpf(85): Semantic error in &quot;LOCATE COMP &quot;sram_a_18&quot; SITE &quot;94&quot; ;&quot;: " arg1="sram_a_18" arg2="C:/Users/Erny/Documents/FER/DIGLOG/labosi/lab6/source/ulx2s.lpf" arg3="85"  />
    <postMsg mid="1100679" type="Warning" dynamic="2" navigation="2" arg0="C:/Users/Erny/Documents/FER/DIGLOG/labosi/lab6/source/ulx2s.lpf(86): Semantic error in &quot;LOCATE COMP &quot;sram_d_0&quot; SITE &quot;98&quot; ;&quot;: " arg1="sram_d_0" arg2="C:/Users/Erny/Documents/FER/DIGLOG/labosi/lab6/source/ulx2s.lpf" arg3="86"  />
    <postMsg mid="1100679" type="Warning" dynamic="2" navigation="2" arg0="C:/Users/Erny/Documents/FER/DIGLOG/labosi/lab6/source/ulx2s.lpf(87): Semantic error in &quot;LOCATE COMP &quot;sram_d_1&quot; SITE &quot;96&quot; ;&quot;: " arg1="sram_d_1" arg2="C:/Users/Erny/Documents/FER/DIGLOG/labosi/lab6/source/ulx2s.lpf" arg3="87"  />
    <postMsg mid="1100679" type="Warning" dynamic="2" navigation="2" arg0="C:/Users/Erny/Documents/FER/DIGLOG/labosi/lab6/source/ulx2s.lpf(88): Semantic error in &quot;LOCATE COMP &quot;sram_d_2&quot; SITE &quot;92&quot; ;&quot;: " arg1="sram_d_2" arg2="C:/Users/Erny/Documents/FER/DIGLOG/labosi/lab6/source/ulx2s.lpf" arg3="88"  />
    <postMsg mid="1100679" type="Warning" dynamic="2" navigation="2" arg0="C:/Users/Erny/Documents/FER/DIGLOG/labosi/lab6/source/ulx2s.lpf(89): Semantic error in &quot;LOCATE COMP &quot;sram_d_3&quot; SITE &quot;91&quot; ;&quot;: " arg1="sram_d_3" arg2="C:/Users/Erny/Documents/FER/DIGLOG/labosi/lab6/source/ulx2s.lpf" arg3="89"  />
    <postMsg mid="1100679" type="Warning" dynamic="2" navigation="2" arg0="C:/Users/Erny/Documents/FER/DIGLOG/labosi/lab6/source/ulx2s.lpf(90): Semantic error in &quot;LOCATE COMP &quot;sram_d_4&quot; SITE &quot;89&quot; ;&quot;: " arg1="sram_d_4" arg2="C:/Users/Erny/Documents/FER/DIGLOG/labosi/lab6/source/ulx2s.lpf" arg3="90"  />
    <postMsg mid="1100679" type="Warning" dynamic="2" navigation="2" arg0="C:/Users/Erny/Documents/FER/DIGLOG/labosi/lab6/source/ulx2s.lpf(91): Semantic error in &quot;LOCATE COMP &quot;sram_d_5&quot; SITE &quot;88&quot; ;&quot;: " arg1="sram_d_5" arg2="C:/Users/Erny/Documents/FER/DIGLOG/labosi/lab6/source/ulx2s.lpf" arg3="91"  />
    <postMsg mid="1100679" type="Warning" dynamic="2" navigation="2" arg0="C:/Users/Erny/Documents/FER/DIGLOG/labosi/lab6/source/ulx2s.lpf(92): Semantic error in &quot;LOCATE COMP &quot;sram_d_6&quot; SITE &quot;87&quot; ;&quot;: " arg1="sram_d_6" arg2="C:/Users/Erny/Documents/FER/DIGLOG/labosi/lab6/source/ulx2s.lpf" arg3="92"  />
    <postMsg mid="1100679" type="Warning" dynamic="2" navigation="2" arg0="C:/Users/Erny/Documents/FER/DIGLOG/labosi/lab6/source/ulx2s.lpf(93): Semantic error in &quot;LOCATE COMP &quot;sram_d_7&quot; SITE &quot;90&quot; ;&quot;: " arg1="sram_d_7" arg2="C:/Users/Erny/Documents/FER/DIGLOG/labosi/lab6/source/ulx2s.lpf" arg3="93"  />
    <postMsg mid="1100679" type="Warning" dynamic="2" navigation="2" arg0="C:/Users/Erny/Documents/FER/DIGLOG/labosi/lab6/source/ulx2s.lpf(94): Semantic error in &quot;LOCATE COMP &quot;sram_d_8&quot; SITE &quot;61&quot; ;&quot;: " arg1="sram_d_8" arg2="C:/Users/Erny/Documents/FER/DIGLOG/labosi/lab6/source/ulx2s.lpf" arg3="94"  />
    <postMsg mid="1100679" type="Warning" dynamic="2" navigation="2" arg0="C:/Users/Erny/Documents/FER/DIGLOG/labosi/lab6/source/ulx2s.lpf(95): Semantic error in &quot;LOCATE COMP &quot;sram_d_9&quot; SITE &quot;62&quot; ;&quot;: " arg1="sram_d_9" arg2="C:/Users/Erny/Documents/FER/DIGLOG/labosi/lab6/source/ulx2s.lpf" arg3="95"  />
    <postMsg mid="1100679" type="Warning" dynamic="2" navigation="2" arg0="C:/Users/Erny/Documents/FER/DIGLOG/labosi/lab6/source/ulx2s.lpf(96): Semantic error in &quot;LOCATE COMP &quot;sram_d_10&quot; SITE &quot;99&quot; ;&quot;: " arg1="sram_d_10" arg2="C:/Users/Erny/Documents/FER/DIGLOG/labosi/lab6/source/ulx2s.lpf" arg3="96"  />
    <postMsg mid="1100679" type="Warning" dynamic="2" navigation="2" arg0="C:/Users/Erny/Documents/FER/DIGLOG/labosi/lab6/source/ulx2s.lpf(97): Semantic error in &quot;LOCATE COMP &quot;sram_d_11&quot; SITE &quot;100&quot; ;&quot;: " arg1="sram_d_11" arg2="C:/Users/Erny/Documents/FER/DIGLOG/labosi/lab6/source/ulx2s.lpf" arg3="97"  />
    <postMsg mid="1100679" type="Warning" dynamic="2" navigation="2" arg0="C:/Users/Erny/Documents/FER/DIGLOG/labosi/lab6/source/ulx2s.lpf(98): Semantic error in &quot;LOCATE COMP &quot;sram_d_12&quot; SITE &quot;102&quot; ;&quot;: " arg1="sram_d_12" arg2="C:/Users/Erny/Documents/FER/DIGLOG/labosi/lab6/source/ulx2s.lpf" arg3="98"  />
    <postMsg mid="1100679" type="Warning" dynamic="2" navigation="2" arg0="C:/Users/Erny/Documents/FER/DIGLOG/labosi/lab6/source/ulx2s.lpf(99): Semantic error in &quot;LOCATE COMP &quot;sram_d_13&quot; SITE &quot;113&quot; ;&quot;: " arg1="sram_d_13" arg2="C:/Users/Erny/Documents/FER/DIGLOG/labosi/lab6/source/ulx2s.lpf" arg3="99"  />
    <postMsg mid="1100679" type="Warning" dynamic="2" navigation="2" arg0="C:/Users/Erny/Documents/FER/DIGLOG/labosi/lab6/source/ulx2s.lpf(100): Semantic error in &quot;LOCATE COMP &quot;sram_d_14&quot; SITE &quot;116&quot; ;&quot;: " arg1="sram_d_14" arg2="C:/Users/Erny/Documents/FER/DIGLOG/labosi/lab6/source/ulx2s.lpf" arg3="100"  />
    <postMsg mid="1100679" type="Warning" dynamic="2" navigation="2" arg0="C:/Users/Erny/Documents/FER/DIGLOG/labosi/lab6/source/ulx2s.lpf(101): Semantic error in &quot;LOCATE COMP &quot;sram_d_15&quot; SITE &quot;119&quot; ;&quot;: " arg1="sram_d_15" arg2="C:/Users/Erny/Documents/FER/DIGLOG/labosi/lab6/source/ulx2s.lpf" arg3="101"  />
    <postMsg mid="1100679" type="Warning" dynamic="2" navigation="2" arg0="C:/Users/Erny/Documents/FER/DIGLOG/labosi/lab6/source/ulx2s.lpf(105): Semantic error in &quot;LOCATE COMP &quot;j1_2&quot; SITE &quot;131&quot; ;&quot;: " arg1="j1_2" arg2="C:/Users/Erny/Documents/FER/DIGLOG/labosi/lab6/source/ulx2s.lpf" arg3="105"  />
    <postMsg mid="1100679" type="Warning" dynamic="2" navigation="2" arg0="C:/Users/Erny/Documents/FER/DIGLOG/labosi/lab6/source/ulx2s.lpf(106): Semantic error in &quot;LOCATE COMP &quot;j1_3&quot; SITE &quot;134&quot; ;&quot;: " arg1="j1_3" arg2="C:/Users/Erny/Documents/FER/DIGLOG/labosi/lab6/source/ulx2s.lpf" arg3="106"  />
    <postMsg mid="1100679" type="Warning" dynamic="2" navigation="2" arg0="C:/Users/Erny/Documents/FER/DIGLOG/labosi/lab6/source/ulx2s.lpf(107): Semantic error in &quot;LOCATE COMP &quot;j1_4&quot; SITE &quot;9&quot; ;&quot;: " arg1="j1_4" arg2="C:/Users/Erny/Documents/FER/DIGLOG/labosi/lab6/source/ulx2s.lpf" arg3="107"  />
    <postMsg mid="1100679" type="Warning" dynamic="2" navigation="2" arg0="C:/Users/Erny/Documents/FER/DIGLOG/labosi/lab6/source/ulx2s.lpf(108): Semantic error in &quot;LOCATE COMP &quot;j1_5&quot; SITE &quot;138&quot; ;&quot;: " arg1="j1_5" arg2="C:/Users/Erny/Documents/FER/DIGLOG/labosi/lab6/source/ulx2s.lpf" arg3="108"  />
    <postMsg mid="1100679" type="Warning" dynamic="2" navigation="2" arg0="C:/Users/Erny/Documents/FER/DIGLOG/labosi/lab6/source/ulx2s.lpf(109): Semantic error in &quot;LOCATE COMP &quot;j1_6&quot; SITE &quot;6&quot; ;&quot;: " arg1="j1_6" arg2="C:/Users/Erny/Documents/FER/DIGLOG/labosi/lab6/source/ulx2s.lpf" arg3="109"  />
    <postMsg mid="1100679" type="Warning" dynamic="2" navigation="2" arg0="C:/Users/Erny/Documents/FER/DIGLOG/labosi/lab6/source/ulx2s.lpf(110): Semantic error in &quot;LOCATE COMP &quot;j1_7&quot; SITE &quot;5&quot; ;&quot;: " arg1="j1_7" arg2="C:/Users/Erny/Documents/FER/DIGLOG/labosi/lab6/source/ulx2s.lpf" arg3="110"  />
    <postMsg mid="1100679" type="Warning" dynamic="2" navigation="2" arg0="C:/Users/Erny/Documents/FER/DIGLOG/labosi/lab6/source/ulx2s.lpf(111): Semantic error in &quot;LOCATE COMP &quot;j1_8&quot; SITE &quot;8&quot; ;&quot;: " arg1="j1_8" arg2="C:/Users/Erny/Documents/FER/DIGLOG/labosi/lab6/source/ulx2s.lpf" arg3="111"  />
    <postMsg mid="1100679" type="Warning" dynamic="2" navigation="2" arg0="C:/Users/Erny/Documents/FER/DIGLOG/labosi/lab6/source/ulx2s.lpf(112): Semantic error in &quot;LOCATE COMP &quot;j1_9&quot; SITE &quot;7&quot; ;&quot;: " arg1="j1_9" arg2="C:/Users/Erny/Documents/FER/DIGLOG/labosi/lab6/source/ulx2s.lpf" arg3="112"  />
    <postMsg mid="1100679" type="Warning" dynamic="2" navigation="2" arg0="C:/Users/Erny/Documents/FER/DIGLOG/labosi/lab6/source/ulx2s.lpf(113): Semantic error in &quot;LOCATE COMP &quot;j1_10&quot; SITE &quot;1&quot; ;&quot;: " arg1="j1_10" arg2="C:/Users/Erny/Documents/FER/DIGLOG/labosi/lab6/source/ulx2s.lpf" arg3="113"  />
    <postMsg mid="1100679" type="Warning" dynamic="2" navigation="2" arg0="C:/Users/Erny/Documents/FER/DIGLOG/labosi/lab6/source/ulx2s.lpf(114): Semantic error in &quot;LOCATE COMP &quot;j1_11&quot; SITE &quot;2&quot; ;&quot;: " arg1="j1_11" arg2="C:/Users/Erny/Documents/FER/DIGLOG/labosi/lab6/source/ulx2s.lpf" arg3="114"  />
    <postMsg mid="1100679" type="Warning" dynamic="2" navigation="2" arg0="C:/Users/Erny/Documents/FER/DIGLOG/labosi/lab6/source/ulx2s.lpf(115): Semantic error in &quot;LOCATE COMP &quot;j1_12&quot; SITE &quot;144&quot; ;&quot;: " arg1="j1_12" arg2="C:/Users/Erny/Documents/FER/DIGLOG/labosi/lab6/source/ulx2s.lpf" arg3="115"  />
    <postMsg mid="1100679" type="Warning" dynamic="2" navigation="2" arg0="C:/Users/Erny/Documents/FER/DIGLOG/labosi/lab6/source/ulx2s.lpf(116): Semantic error in &quot;LOCATE COMP &quot;j1_13&quot; SITE &quot;143&quot; ;&quot;: " arg1="j1_13" arg2="C:/Users/Erny/Documents/FER/DIGLOG/labosi/lab6/source/ulx2s.lpf" arg3="116"  />
    <postMsg mid="1100679" type="Warning" dynamic="2" navigation="2" arg0="C:/Users/Erny/Documents/FER/DIGLOG/labosi/lab6/source/ulx2s.lpf(117): Semantic error in &quot;LOCATE COMP &quot;j1_14&quot; SITE &quot;142&quot; ;&quot;: " arg1="j1_14" arg2="C:/Users/Erny/Documents/FER/DIGLOG/labosi/lab6/source/ulx2s.lpf" arg3="117"  />
    <postMsg mid="1100679" type="Warning" dynamic="2" navigation="2" arg0="C:/Users/Erny/Documents/FER/DIGLOG/labosi/lab6/source/ulx2s.lpf(118): Semantic error in &quot;LOCATE COMP &quot;j1_15&quot; SITE &quot;141&quot; ;&quot;: " arg1="j1_15" arg2="C:/Users/Erny/Documents/FER/DIGLOG/labosi/lab6/source/ulx2s.lpf" arg3="118"  />
    <postMsg mid="1100679" type="Warning" dynamic="2" navigation="2" arg0="C:/Users/Erny/Documents/FER/DIGLOG/labosi/lab6/source/ulx2s.lpf(119): Semantic error in &quot;LOCATE COMP &quot;j1_16&quot; SITE &quot;133&quot; ;&quot;: " arg1="j1_16" arg2="C:/Users/Erny/Documents/FER/DIGLOG/labosi/lab6/source/ulx2s.lpf" arg3="119"  />
    <postMsg mid="1100679" type="Warning" dynamic="2" navigation="2" arg0="C:/Users/Erny/Documents/FER/DIGLOG/labosi/lab6/source/ulx2s.lpf(120): Semantic error in &quot;LOCATE COMP &quot;j1_17&quot; SITE &quot;132&quot; ;&quot;: " arg1="j1_17" arg2="C:/Users/Erny/Documents/FER/DIGLOG/labosi/lab6/source/ulx2s.lpf" arg3="120"  />
    <postMsg mid="1100679" type="Warning" dynamic="2" navigation="2" arg0="C:/Users/Erny/Documents/FER/DIGLOG/labosi/lab6/source/ulx2s.lpf(121): Semantic error in &quot;LOCATE COMP &quot;j1_19&quot; SITE &quot;123&quot; ;&quot;: " arg1="j1_19" arg2="C:/Users/Erny/Documents/FER/DIGLOG/labosi/lab6/source/ulx2s.lpf" arg3="121"  />
    <postMsg mid="1100679" type="Warning" dynamic="2" navigation="2" arg0="C:/Users/Erny/Documents/FER/DIGLOG/labosi/lab6/source/ulx2s.lpf(122): Semantic error in &quot;LOCATE COMP &quot;j1_18&quot; SITE &quot;124&quot; ;&quot;: " arg1="j1_18" arg2="C:/Users/Erny/Documents/FER/DIGLOG/labosi/lab6/source/ulx2s.lpf" arg3="122"  />
    <postMsg mid="1100679" type="Warning" dynamic="2" navigation="2" arg0="C:/Users/Erny/Documents/FER/DIGLOG/labosi/lab6/source/ulx2s.lpf(123): Semantic error in &quot;LOCATE COMP &quot;j1_20&quot; SITE &quot;115&quot; ;&quot;: " arg1="j1_20" arg2="C:/Users/Erny/Documents/FER/DIGLOG/labosi/lab6/source/ulx2s.lpf" arg3="123"  />
    <postMsg mid="1100679" type="Warning" dynamic="2" navigation="2" arg0="C:/Users/Erny/Documents/FER/DIGLOG/labosi/lab6/source/ulx2s.lpf(124): Semantic error in &quot;LOCATE COMP &quot;j1_21&quot; SITE &quot;114&quot; ;&quot;: " arg1="j1_21" arg2="C:/Users/Erny/Documents/FER/DIGLOG/labosi/lab6/source/ulx2s.lpf" arg3="124"  />
    <postMsg mid="1100679" type="Warning" dynamic="2" navigation="2" arg0="C:/Users/Erny/Documents/FER/DIGLOG/labosi/lab6/source/ulx2s.lpf(125): Semantic error in &quot;LOCATE COMP &quot;j1_22&quot; SITE &quot;110&quot; ;&quot;: " arg1="j1_22" arg2="C:/Users/Erny/Documents/FER/DIGLOG/labosi/lab6/source/ulx2s.lpf" arg3="125"  />
    <postMsg mid="1100679" type="Warning" dynamic="2" navigation="2" arg0="C:/Users/Erny/Documents/FER/DIGLOG/labosi/lab6/source/ulx2s.lpf(126): Semantic error in &quot;LOCATE COMP &quot;j1_23&quot; SITE &quot;109&quot; ;&quot;: " arg1="j1_23" arg2="C:/Users/Erny/Documents/FER/DIGLOG/labosi/lab6/source/ulx2s.lpf" arg3="126"  />
    <postMsg mid="1100679" type="Warning" dynamic="2" navigation="2" arg0="C:/Users/Erny/Documents/FER/DIGLOG/labosi/lab6/source/ulx2s.lpf(131): Semantic error in &quot;LOCATE COMP &quot;j2_2&quot; SITE &quot;72&quot; ;&quot;: " arg1="j2_2" arg2="C:/Users/Erny/Documents/FER/DIGLOG/labosi/lab6/source/ulx2s.lpf" arg3="131"  />
    <postMsg mid="1100679" type="Warning" dynamic="2" navigation="2" arg0="C:/Users/Erny/Documents/FER/DIGLOG/labosi/lab6/source/ulx2s.lpf(132): Semantic error in &quot;LOCATE COMP &quot;j2_3&quot; SITE &quot;71&quot; ;&quot;: " arg1="j2_3" arg2="C:/Users/Erny/Documents/FER/DIGLOG/labosi/lab6/source/ulx2s.lpf" arg3="132"  />
    <postMsg mid="1100679" type="Warning" dynamic="2" navigation="2" arg0="C:/Users/Erny/Documents/FER/DIGLOG/labosi/lab6/source/ulx2s.lpf(133): Semantic error in &quot;LOCATE COMP &quot;j2_4&quot; SITE &quot;70&quot; ;&quot;: " arg1="j2_4" arg2="C:/Users/Erny/Documents/FER/DIGLOG/labosi/lab6/source/ulx2s.lpf" arg3="133"  />
    <postMsg mid="1100679" type="Warning" dynamic="2" navigation="2" arg0="C:/Users/Erny/Documents/FER/DIGLOG/labosi/lab6/source/ulx2s.lpf(134): Semantic error in &quot;LOCATE COMP &quot;j2_5&quot; SITE &quot;69&quot; ;&quot;: " arg1="j2_5" arg2="C:/Users/Erny/Documents/FER/DIGLOG/labosi/lab6/source/ulx2s.lpf" arg3="134"  />
    <postMsg mid="1100679" type="Warning" dynamic="2" navigation="2" arg0="C:/Users/Erny/Documents/FER/DIGLOG/labosi/lab6/source/ulx2s.lpf(135): Semantic error in &quot;LOCATE COMP &quot;j2_6&quot; SITE &quot;66&quot; ;&quot;: " arg1="j2_6" arg2="C:/Users/Erny/Documents/FER/DIGLOG/labosi/lab6/source/ulx2s.lpf" arg3="135"  />
    <postMsg mid="1100679" type="Warning" dynamic="2" navigation="2" arg0="C:/Users/Erny/Documents/FER/DIGLOG/labosi/lab6/source/ulx2s.lpf(136): Semantic error in &quot;LOCATE COMP &quot;j2_7&quot; SITE &quot;65&quot; ;&quot;: " arg1="j2_7" arg2="C:/Users/Erny/Documents/FER/DIGLOG/labosi/lab6/source/ulx2s.lpf" arg3="136"  />
    <postMsg mid="1100679" type="Warning" dynamic="2" navigation="2" arg0="C:/Users/Erny/Documents/FER/DIGLOG/labosi/lab6/source/ulx2s.lpf(137): Semantic error in &quot;LOCATE COMP &quot;j2_8&quot; SITE &quot;52&quot; ;&quot;: " arg1="j2_8" arg2="C:/Users/Erny/Documents/FER/DIGLOG/labosi/lab6/source/ulx2s.lpf" arg3="137"  />
    <postMsg mid="1100679" type="Warning" dynamic="2" navigation="2" arg0="C:/Users/Erny/Documents/FER/DIGLOG/labosi/lab6/source/ulx2s.lpf(138): Semantic error in &quot;LOCATE COMP &quot;j2_9&quot; SITE &quot;50&quot; ;&quot;: " arg1="j2_9" arg2="C:/Users/Erny/Documents/FER/DIGLOG/labosi/lab6/source/ulx2s.lpf" arg3="138"  />
    <postMsg mid="1100679" type="Warning" dynamic="2" navigation="2" arg0="C:/Users/Erny/Documents/FER/DIGLOG/labosi/lab6/source/ulx2s.lpf(139): Semantic error in &quot;LOCATE COMP &quot;j2_10&quot; SITE &quot;48&quot; ;&quot;: " arg1="j2_10" arg2="C:/Users/Erny/Documents/FER/DIGLOG/labosi/lab6/source/ulx2s.lpf" arg3="139"  />
    <postMsg mid="1100679" type="Warning" dynamic="2" navigation="2" arg0="C:/Users/Erny/Documents/FER/DIGLOG/labosi/lab6/source/ulx2s.lpf(140): Semantic error in &quot;LOCATE COMP &quot;j2_11&quot; SITE &quot;47&quot; ;&quot;: " arg1="j2_11" arg2="C:/Users/Erny/Documents/FER/DIGLOG/labosi/lab6/source/ulx2s.lpf" arg3="140"  />
    <postMsg mid="1100679" type="Warning" dynamic="2" navigation="2" arg0="C:/Users/Erny/Documents/FER/DIGLOG/labosi/lab6/source/ulx2s.lpf(141): Semantic error in &quot;LOCATE COMP &quot;j2_12&quot; SITE &quot;40&quot; ;&quot;: " arg1="j2_12" arg2="C:/Users/Erny/Documents/FER/DIGLOG/labosi/lab6/source/ulx2s.lpf" arg3="141"  />
    <postMsg mid="1100679" type="Warning" dynamic="2" navigation="2" arg0="C:/Users/Erny/Documents/FER/DIGLOG/labosi/lab6/source/ulx2s.lpf(142): Semantic error in &quot;LOCATE COMP &quot;j2_13&quot; SITE &quot;39&quot; ;&quot;: " arg1="j2_13" arg2="C:/Users/Erny/Documents/FER/DIGLOG/labosi/lab6/source/ulx2s.lpf" arg3="142"  />
    <postMsg mid="1100679" type="Warning" dynamic="2" navigation="2" arg0="C:/Users/Erny/Documents/FER/DIGLOG/labosi/lab6/source/ulx2s.lpf(143): Semantic error in &quot;LOCATE COMP &quot;j2_14&quot; SITE &quot;38&quot; ;&quot;: " arg1="j2_14" arg2="C:/Users/Erny/Documents/FER/DIGLOG/labosi/lab6/source/ulx2s.lpf" arg3="143"  />
    <postMsg mid="1100679" type="Warning" dynamic="2" navigation="2" arg0="C:/Users/Erny/Documents/FER/DIGLOG/labosi/lab6/source/ulx2s.lpf(144): Semantic error in &quot;LOCATE COMP &quot;j2_15&quot; SITE &quot;22&quot; ;&quot;: " arg1="j2_15" arg2="C:/Users/Erny/Documents/FER/DIGLOG/labosi/lab6/source/ulx2s.lpf" arg3="144"  />
    <postMsg mid="1100679" type="Warning" dynamic="2" navigation="2" arg0="C:/Users/Erny/Documents/FER/DIGLOG/labosi/lab6/source/ulx2s.lpf(145): Semantic error in &quot;LOCATE COMP &quot;j2_16&quot; SITE &quot;31&quot; ;&quot;: " arg1="j2_16" arg2="C:/Users/Erny/Documents/FER/DIGLOG/labosi/lab6/source/ulx2s.lpf" arg3="145"  />
    <postMsg mid="1100679" type="Warning" dynamic="2" navigation="2" arg0="C:/Users/Erny/Documents/FER/DIGLOG/labosi/lab6/source/ulx2s.lpf(146): Semantic error in &quot;LOCATE COMP &quot;j2_17&quot; SITE &quot;29&quot; ;&quot;: " arg1="j2_17" arg2="C:/Users/Erny/Documents/FER/DIGLOG/labosi/lab6/source/ulx2s.lpf" arg3="146"  />
    <postMsg mid="1100679" type="Warning" dynamic="2" navigation="2" arg0="C:/Users/Erny/Documents/FER/DIGLOG/labosi/lab6/source/ulx2s.lpf(147): Semantic error in &quot;LOCATE COMP &quot;j2_18&quot; SITE &quot;37&quot; ;&quot;: " arg1="j2_18" arg2="C:/Users/Erny/Documents/FER/DIGLOG/labosi/lab6/source/ulx2s.lpf" arg3="147"  />
    <postMsg mid="1100679" type="Warning" dynamic="2" navigation="2" arg0="C:/Users/Erny/Documents/FER/DIGLOG/labosi/lab6/source/ulx2s.lpf(148): Semantic error in &quot;LOCATE COMP &quot;j2_19&quot; SITE &quot;36&quot; ;&quot;: " arg1="j2_19" arg2="C:/Users/Erny/Documents/FER/DIGLOG/labosi/lab6/source/ulx2s.lpf" arg3="148"  />
    <postMsg mid="1100679" type="Warning" dynamic="2" navigation="2" arg0="C:/Users/Erny/Documents/FER/DIGLOG/labosi/lab6/source/ulx2s.lpf(149): Semantic error in &quot;LOCATE COMP &quot;j2_20&quot; SITE &quot;35&quot; ;&quot;: " arg1="j2_20" arg2="C:/Users/Erny/Documents/FER/DIGLOG/labosi/lab6/source/ulx2s.lpf" arg3="149"  />
    <postMsg mid="1100679" type="Warning" dynamic="2" navigation="2" arg0="C:/Users/Erny/Documents/FER/DIGLOG/labosi/lab6/source/ulx2s.lpf(150): Semantic error in &quot;LOCATE COMP &quot;j2_21&quot; SITE &quot;32&quot; ;&quot;: " arg1="j2_21" arg2="C:/Users/Erny/Documents/FER/DIGLOG/labosi/lab6/source/ulx2s.lpf" arg3="150"  />
    <postMsg mid="1100679" type="Warning" dynamic="2" navigation="2" arg0="C:/Users/Erny/Documents/FER/DIGLOG/labosi/lab6/source/ulx2s.lpf(151): Semantic error in &quot;LOCATE COMP &quot;j2_22&quot; SITE &quot;27&quot; ;&quot;: " arg1="j2_22" arg2="C:/Users/Erny/Documents/FER/DIGLOG/labosi/lab6/source/ulx2s.lpf" arg3="151"  />
    <postMsg mid="1100679" type="Warning" dynamic="2" navigation="2" arg0="C:/Users/Erny/Documents/FER/DIGLOG/labosi/lab6/source/ulx2s.lpf(152): Semantic error in &quot;LOCATE COMP &quot;j2_23&quot; SITE &quot;28&quot; ;&quot;: " arg1="j2_23" arg2="C:/Users/Erny/Documents/FER/DIGLOG/labosi/lab6/source/ulx2s.lpf" arg3="152"  />
    <postMsg mid="1100679" type="Warning" dynamic="2" navigation="2" arg0="C:/Users/Erny/Documents/FER/DIGLOG/labosi/lab6/source/ulx2s.lpf(158): Semantic error in &quot;LOCATE COMP &quot;lcd_data_0&quot; SITE &quot;8&quot; ;&quot;: " arg1="lcd_data_0" arg2="C:/Users/Erny/Documents/FER/DIGLOG/labosi/lab6/source/ulx2s.lpf" arg3="158"  />
    <postMsg mid="1100679" type="Warning" dynamic="2" navigation="2" arg0="C:/Users/Erny/Documents/FER/DIGLOG/labosi/lab6/source/ulx2s.lpf(159): Semantic error in &quot;LOCATE COMP &quot;lcd_data_1&quot; SITE &quot;9&quot; ;&quot;: " arg1="lcd_data_1" arg2="C:/Users/Erny/Documents/FER/DIGLOG/labosi/lab6/source/ulx2s.lpf" arg3="159"  />
    <postMsg mid="1100679" type="Warning" dynamic="2" navigation="2" arg0="C:/Users/Erny/Documents/FER/DIGLOG/labosi/lab6/source/ulx2s.lpf(160): Semantic error in &quot;LOCATE COMP &quot;lcd_data_2&quot; SITE &quot;134&quot; ;&quot;: " arg1="lcd_data_2" arg2="C:/Users/Erny/Documents/FER/DIGLOG/labosi/lab6/source/ulx2s.lpf" arg3="160"  />
    <postMsg mid="1100679" type="Warning" dynamic="2" navigation="2" arg0="C:/Users/Erny/Documents/FER/DIGLOG/labosi/lab6/source/ulx2s.lpf(161): Semantic error in &quot;LOCATE COMP &quot;lcd_data_3&quot; SITE &quot;131&quot; ;&quot;: " arg1="lcd_data_3" arg2="C:/Users/Erny/Documents/FER/DIGLOG/labosi/lab6/source/ulx2s.lpf" arg3="161"  />
    <postMsg mid="1100679" type="Warning" dynamic="2" navigation="2" arg0="C:/Users/Erny/Documents/FER/DIGLOG/labosi/lab6/source/ulx2s.lpf(162): Semantic error in &quot;LOCATE COMP &quot;lcd_rs&quot; SITE &quot;143&quot; ;&quot;: " arg1="lcd_rs" arg2="C:/Users/Erny/Documents/FER/DIGLOG/labosi/lab6/source/ulx2s.lpf" arg3="162"  />
    <postMsg mid="1100679" type="Warning" dynamic="2" navigation="2" arg0="C:/Users/Erny/Documents/FER/DIGLOG/labosi/lab6/source/ulx2s.lpf(163): Semantic error in &quot;LOCATE COMP &quot;lcd_e&quot; SITE &quot;7&quot; ;&quot;: " arg1="lcd_e" arg2="C:/Users/Erny/Documents/FER/DIGLOG/labosi/lab6/source/ulx2s.lpf" arg3="163"  />
    <postMsg mid="1100644" type="Warning" dynamic="2" navigation="2" arg0="C:/Users/Erny/Documents/FER/DIGLOG/labosi/lab6/source/ulx2s.lpf(174): Semantic error in &quot;IOBUF PORT &quot;sw[1]&quot; PULLMODE=DOWN ;&quot;: " arg1="sw[1]" arg2="C:/Users/Erny/Documents/FER/DIGLOG/labosi/lab6/source/ulx2s.lpf" arg3="174"  />
    <postMsg mid="1100644" type="Warning" dynamic="2" navigation="2" arg0="C:/Users/Erny/Documents/FER/DIGLOG/labosi/lab6/source/ulx2s.lpf(175): Semantic error in &quot;IOBUF PORT &quot;sw[2]&quot; PULLMODE=DOWN ;&quot;: " arg1="sw[2]" arg2="C:/Users/Erny/Documents/FER/DIGLOG/labosi/lab6/source/ulx2s.lpf" arg3="175"  />
    <postMsg mid="1100644" type="Warning" dynamic="2" navigation="2" arg0="C:/Users/Erny/Documents/FER/DIGLOG/labosi/lab6/source/ulx2s.lpf(176): Semantic error in &quot;IOBUF PORT &quot;sw[3]&quot; PULLMODE=DOWN ;&quot;: " arg1="sw[3]" arg2="C:/Users/Erny/Documents/FER/DIGLOG/labosi/lab6/source/ulx2s.lpf" arg3="176"  />
    <postMsg mid="1100644" type="Warning" dynamic="2" navigation="2" arg0="C:/Users/Erny/Documents/FER/DIGLOG/labosi/lab6/source/ulx2s.lpf(177): Semantic error in &quot;IOBUF PORT &quot;btn_up&quot; PULLMODE=DOWN ;&quot;: " arg1="btn_up" arg2="C:/Users/Erny/Documents/FER/DIGLOG/labosi/lab6/source/ulx2s.lpf" arg3="177"  />
    <postMsg mid="1100644" type="Warning" dynamic="2" navigation="2" arg0="C:/Users/Erny/Documents/FER/DIGLOG/labosi/lab6/source/ulx2s.lpf(179): Semantic error in &quot;IOBUF PORT &quot;btn_left&quot; PULLMODE=DOWN ;&quot;: " arg1="btn_left" arg2="C:/Users/Erny/Documents/FER/DIGLOG/labosi/lab6/source/ulx2s.lpf" arg3="179"  />
    <postMsg mid="1100644" type="Warning" dynamic="2" navigation="2" arg0="C:/Users/Erny/Documents/FER/DIGLOG/labosi/lab6/source/ulx2s.lpf(180): Semantic error in &quot;IOBUF PORT &quot;btn_right&quot; PULLMODE=DOWN ;&quot;: " arg1="btn_right" arg2="C:/Users/Erny/Documents/FER/DIGLOG/labosi/lab6/source/ulx2s.lpf" arg3="180"  />
    <postMsg mid="1100644" type="Warning" dynamic="2" navigation="2" arg0="C:/Users/Erny/Documents/FER/DIGLOG/labosi/lab6/source/ulx2s.lpf(181): Semantic error in &quot;IOBUF PORT &quot;btn_center&quot; PULLMODE=DOWN ;&quot;: " arg1="btn_center" arg2="C:/Users/Erny/Documents/FER/DIGLOG/labosi/lab6/source/ulx2s.lpf" arg3="181"  />
    <postMsg mid="1100644" type="Warning" dynamic="2" navigation="2" arg0="C:/Users/Erny/Documents/FER/DIGLOG/labosi/lab6/source/ulx2s.lpf(184): Semantic error in &quot;IOBUF PORT &quot;sdcard_so&quot; PULLMODE=UP ;&quot;: " arg1="sdcard_so" arg2="C:/Users/Erny/Documents/FER/DIGLOG/labosi/lab6/source/ulx2s.lpf" arg3="184"  />
    <postMsg mid="1100644" type="Warning" dynamic="2" navigation="2" arg0="C:/Users/Erny/Documents/FER/DIGLOG/labosi/lab6/source/ulx2s.lpf(187): Semantic error in &quot;IOBUF PORT &quot;p_ring&quot; DRIVE=20 PULLMODE=NONE ;&quot;: " arg1="p_ring" arg2="C:/Users/Erny/Documents/FER/DIGLOG/labosi/lab6/source/ulx2s.lpf" arg3="187"  />
    <postMsg mid="1100644" type="Warning" dynamic="2" navigation="2" arg0="C:/Users/Erny/Documents/FER/DIGLOG/labosi/lab6/source/ulx2s.lpf(188): Semantic error in &quot;IOBUF PORT &quot;p_tip_0&quot; DRIVE=20 PULLMODE=NONE ;&quot;: " arg1="p_tip_0" arg2="C:/Users/Erny/Documents/FER/DIGLOG/labosi/lab6/source/ulx2s.lpf" arg3="188"  />
    <postMsg mid="1100644" type="Warning" dynamic="2" navigation="2" arg0="C:/Users/Erny/Documents/FER/DIGLOG/labosi/lab6/source/ulx2s.lpf(189): Semantic error in &quot;IOBUF PORT &quot;p_tip_1&quot; DRIVE=20 PULLMODE=NONE ;&quot;: " arg1="p_tip_1" arg2="C:/Users/Erny/Documents/FER/DIGLOG/labosi/lab6/source/ulx2s.lpf" arg3="189"  />
    <postMsg mid="1100644" type="Warning" dynamic="2" navigation="2" arg0="C:/Users/Erny/Documents/FER/DIGLOG/labosi/lab6/source/ulx2s.lpf(190): Semantic error in &quot;IOBUF PORT &quot;p_tip_2&quot; DRIVE=20 PULLMODE=NONE ;&quot;: " arg1="p_tip_2" arg2="C:/Users/Erny/Documents/FER/DIGLOG/labosi/lab6/source/ulx2s.lpf" arg3="190"  />
    <postMsg mid="1100644" type="Warning" dynamic="2" navigation="2" arg0="C:/Users/Erny/Documents/FER/DIGLOG/labosi/lab6/source/ulx2s.lpf(191): Semantic error in &quot;IOBUF PORT &quot;p_tip_3&quot; DRIVE=20 PULLMODE=NONE ;&quot;: " arg1="p_tip_3" arg2="C:/Users/Erny/Documents/FER/DIGLOG/labosi/lab6/source/ulx2s.lpf" arg3="191"  />
Loading device for application map from file 'mg5a33x38.nph' in environment: C:/lscc/diamond/3.10_x64/ispfpga.
Package Status:                     Final          Version 1.47.

Running general design DRC...

Removing unused logic...

Optimizing...

128 CCU2 constant inputs absorbed.

    <postMsg mid="51001046" type="Warning" dynamic="1" navigation="0" arg0="sw[3:0](3)"  />
    <postMsg mid="51001046" type="Warning" dynamic="1" navigation="0" arg0="sw[3:0](2)"  />
    <postMsg mid="51001046" type="Warning" dynamic="1" navigation="0" arg0="sw[3:0](1)"  />



Design Summary:
   Number of registers:     41 out of  6564 (1%)
      PFU registers:           41 out of  6264 (1%)
      PIO registers:            0 out of   300 (0%)
   Number of SLICEs:        55 out of  4176 (1%)
      SLICEs as Logic/ROM:     55 out of  4176 (1%)
      SLICEs as RAM:            0 out of   756 (0%)
      SLICEs as Carry:         25 out of  4176 (1%)
   Number of LUT4s:         99 out of  8352 (1%)
      Number used as logic LUTs:         49
      Number used as distributed RAM:     0
      Number used as ripple logic:       50
      Number used as shift registers:     0
   Number of PIO sites used: 11 out of 100 (11%)
   Number of PIO FIXEDDELAY:    0
   Number of DQSDLLs:  0 out of 2 (0%)
   Number of PLLs:  0 out of 2 (0%)
   Number of block RAMs:  0 out of 12 (0%)
   Number of CLKDIVs:  0 out of 2 (0%)
   Number of GSRs:  0 out of 1 (0%)
   JTAG used :      No
   Readback used :  No
   Oscillator used :  No
   Startup used :   No
   Notes:-
      1. Total number of LUT4s = (Number of logic LUT4s) + 2*(Number of distributed RAMs) + 2*(Number of ripple logic)
      2. Number of logic LUT4s does not include count of distributed RAM and ripple logic.

   Number Of Mapped DSP Components:
   --------------------------------
   MULT36X36B          0
   MULT18X18B          0
   MULT18X18MACB       0
   MULT18X18ADDSUBB    0
   MULT18X18ADDSUBSUMB 0
   MULT9X9B            0
   MULT9X9ADDSUBB      0
   MULT9X9ADDSUBSUMB   0
   --------------------------------
   Number of Used DSP Sites:  0 out of 32 (0 %)
   Number of clocks:  1
     Net clk_25m_c: 25 loads, 25 rising, 0 falling (Driver: PIO clk_25m )
   Number of Clock Enables:  3
     Net R_clk_div_RNI83PD[23]: 5 loads, 5 LSLICEs
     Net I_automat/R_timer_RNI8REMA_0[0]: 3 loads, 3 LSLICEs
     Net I_automat/R_timerce[6]: 1 loads, 1 LSLICEs
   Number of LSRs:  1
     Net I_automat/g0_0_iso: 8 loads, 8 LSLICEs
   Number of nets driven by tri-state buffers:  0
   Top 10 highest fanout non-clock nets:
     Net VCC: 25 loads
     Net I_automat/R_stanje[1]: 13 loads
     Net I_automat/R_stanje[2]: 12 loads
     Net I_automat/R_timer[1]: 10 loads
     Net I_automat/R_timer[2]: 10 loads
     Net I_automat/R_stanje[0]: 9 loads
     Net I_automat/R_stanje[3]: 9 loads
     Net I_automat/R_timer[0]: 9 loads
     Net I_automat/g0_0_iso: 8 loads
     Net R_clk_div_RNI83PD[23]: 8 loads
 

   Number of warnings:  123
   Number of errors:    0



Total CPU Time: 0 secs  
Total REAL Time: 0 secs  
Peak Memory Usage: 69 MB

Dumping design to file lab6_impl1_map.ncd.

mpartrce -p "lab6_impl1.p2t" -f "lab6_impl1.p3t" -tf "lab6_impl1.pt" "lab6_impl1_map.ncd" "lab6_impl1.ncd"

---- MParTrce Tool ----
Removing old design directory at request of -rem command line option to this program.
Running par. Please wait . . .

Lattice Place and Route Report for Design "lab6_impl1_map.ncd"
Mon Jan 14 15:32:34 2019

PAR: Place And Route Diamond (64-bit) 3.10.0.111.2.
Command Line: par -w -l 5 -i 6 -t 1 -c 0 -e 0 -gui -msgset C:/Users/Erny/Documents/FER/DIGLOG/labosi/lab6/promote.xml -exp parUseNBR=1:parCDP=auto:parCDR=1:parPathBased=OFF lab6_impl1_map.ncd lab6_impl1.dir/5_1.ncd lab6_impl1.prf
Preference file: lab6_impl1.prf.
Placement level-cost: 5-1.
Routing Iterations: 6

Loading design for application par from file lab6_impl1_map.ncd.
Design name: sem
NCD version: 3.3
Vendor:      LATTICE
Device:      LFXP2-8E
Package:     TQFP144
Performance: 5
Loading device for application par from file 'mg5a33x38.nph' in environment: C:/lscc/diamond/3.10_x64/ispfpga.
Package Status:                     Final          Version 1.47.
Performance Hardware Data Status:   Final          Version 11.5.
License checked out.


Ignore Preference Error(s):  True
Device utilization summary:

   PIO (prelim)      11/238           4% used
                     11/100          11% bonded
   SLICE             55/4176          1% used



Number of Signals: 139
Number of Connections: 343

Pin Constraint Summary:
   11 out of 11 pins locked (100% locked).

The following 1 signal is selected to use the primary clock routing resources:
    clk_25m_c (driver: clk_25m, clk load #: 25)

No signal is selected as DCS clock.

No signal is selected as secondary clock.

No signal is selected as Global Set/Reset.
Starting Placer Phase 0.

Finished Placer Phase 0.  REAL time: 0 secs 

Starting Placer Phase 1.
....................
Placer score = 14860.
Finished Placer Phase 1.  REAL time: 3 secs 

Starting Placer Phase 2.
.
Placer score =  14801
Finished Placer Phase 2.  REAL time: 3 secs 


------------------ Clock Report ------------------

Global Clock Resources:
  CLK_PIN    : 0 out of 8 (0%)
  General PIO: 1 out of 260 (0%)
  PLL        : 0 out of 2 (0%)
  CLKDIV     : 0 out of 2 (0%)

Quadrants All (TL, TR, BL, BR) - Global Clocks:
  PRIMARY "clk_25m_c" from comp "clk_25m" on PIO site "30 (PL18B)", clk load = 25

  PRIMARY  : 1 out of 8 (12%)
     DCS   : 0 out of 2 (0%)
  SECONDARY: 0 out of 4 (0%)

Edge Clocks:
  No edge clock selected

--------------- End of Clock Report ---------------


I/O Usage Summary (final):
   11 out of 238 (4.6%) PIO sites used.
   11 out of 100 (11.0%) bonded PIO sites used.
   Number of PIO comps: 11; differential: 0.
   Number of Vref pins used: 0.

I/O Bank Usage Summary:
+----------+---------------+------------+------------+------------+
| I/O Bank | Usage         | Bank Vccio | Bank Vref1 | Bank Vref2 |
+----------+---------------+------------+------------+------------+
| 0        | 2 / 20 ( 10%) | 3.3V       | -          | -          |
| 1        | 0 / 6 (  0%)  | -          | -          | -          |
| 2        | 0 / 18 (  0%) | -          | -          | -          |
| 3        | 0 / 4 (  0%)  | -          | -          | -          |
| 4        | 0 / 8 (  0%)  | -          | -          | -          |
| 5        | 2 / 18 ( 11%) | 3.3V       | -          | -          |
| 6        | 4 / 8 ( 50%)  | 3.3V       | -          | -          |
| 7        | 3 / 18 ( 16%) | 3.3V       | -          | -          |
+----------+---------------+------------+------------+------------+


DSP Utilization Summary:
-------------------------------------
DSP Block #:              1 2 3 4
# of MULT36X36B                  
# of MULT18X18B                  
# of MULT18X18MACB               
# of MULT18X18ADDSUBB            
# of MULT18X18ADDSUBSUMB         
# of MULT9X9B                    
# of MULT9X9ADDSUBB              
# of MULT9X9ADDSUBSUMB           

Total placer CPU time: 2 secs 

Dumping design to file lab6_impl1.dir/5_1.ncd.

0 connections routed; 343 unrouted.
Starting router resource preassignment
    <postMsg mid="62071013" type="Warning" dynamic="1" navigation="0" arg0="clk_25m_c"  />

Completed router resource preassignment. Real time: 4 secs 

Start NBR router at 15:32:38 01/14/19

*****************************************************************
Info: NBR allows conflicts(one node used by more than one signal)
      in the earlier iterations. In each iteration, it tries to  
      solve the conflicts while keeping the critical connections 
      routed as short as possible. The routing process is said to
      be completed when no conflicts exist and all connections   
      are routed.                                                
Note: NBR uses a different method to calculate timing slacks. The
      worst slack and total negative slack may not be the same as
      that in TRCE report. You should always run TRCE to verify  
      your design.                                               
*****************************************************************

Start NBR special constraint process at 15:32:38 01/14/19

Start NBR section for initial routing at 15:32:38 01/14/19
Level 4, iteration 1
5(0.00%) conflicts; 0(0.00%) untouched conn; 0 (nbr) score; 
Estimated worst slack/total negative slack<setup>: 34.039ns/0.000ns; real time: 4 secs 

Info: Initial congestion level at 75% usage is 0
Info: Initial congestion area  at 75% usage is 0 (0.00%)

Start NBR section for normal routing at 15:32:38 01/14/19
Level 4, iteration 1
0(0.00%) conflict; 0(0.00%) untouched conn; 0 (nbr) score; 
Estimated worst slack/total negative slack<setup>: 33.726ns/0.000ns; real time: 4 secs 

Start NBR section for setup/hold timing optimization with effort level 3 at 15:32:38 01/14/19

Start NBR section for re-routing at 15:32:38 01/14/19
Level 4, iteration 1
0(0.00%) conflict; 0(0.00%) untouched conn; 0 (nbr) score; 
Estimated worst slack/total negative slack<setup>: 33.726ns/0.000ns; real time: 4 secs 

Start NBR section for post-routing at 15:32:38 01/14/19

End NBR router with 0 unrouted connection

NBR Summary
-----------
  Number of unrouted connections : 0 (0.00%)
  Number of connections with timing violations : 0 (0.00%)
  Estimated worst slack<setup> : 33.726ns
  Timing score<setup> : 0
-----------
Notes: The timing info is calculated for SETUP only and all PAR_ADJs are ignored.



Total CPU time 4 secs 
Total REAL time: 5 secs 
Completely routed.
End of route.  343 routed (100.00%); 0 unrouted.

Hold time timing score: 0, hold timing errors: 0

Timing score: 0 

Dumping design to file lab6_impl1.dir/5_1.ncd.


PAR_SUMMARY::Run status = Success
PAR_SUMMARY::Number of unrouted conns = 0
PAR_SUMMARY::Worst  slack<setup/<ns>> = 33.726
PAR_SUMMARY::Timing score<setup/<ns>> = 0.000
PAR_SUMMARY::Worst  slack<hold /<ns>> = 0.235
PAR_SUMMARY::Timing score<hold /<ns>> = 0.000
PAR_SUMMARY::Number of errors = 0

Total CPU  time to completion: 4 secs 
Total REAL time to completion: 5 secs 

par done!

Copyright (c) 1991-1994 by NeoCAD Inc. All rights reserved.
Copyright (c) 1995 AT&T Corp.   All rights reserved.
Copyright (c) 1995-2001 Lucent Technologies Inc.  All rights reserved.
Copyright (c) 2001 Agere Systems   All rights reserved.
Copyright (c) 2002-2017 Lattice Semiconductor Corporation,  All rights reserved.
Exiting par with exit code 0
Exiting mpartrce with exit code 0

bitgen -f "lab6_impl1.t2b" -w "lab6_impl1.ncd" -jedec -e -s "C:/Users/Erny/Documents/FER/DIGLOG/labosi/lab6/lab6.sec" -k "C:/Users/Erny/Documents/FER/DIGLOG/labosi/lab6/lab6.bek" "lab6_impl1.prf"


BITGEN: Bitstream Generator Diamond (64-bit) 3.10.0.111.2
Copyright (c) 1991-1994 by NeoCAD Inc. All rights reserved.
Copyright (c) 1995 AT&T Corp.   All rights reserved.
Copyright (c) 1995-2001 Lucent Technologies Inc.  All rights reserved.
Copyright (c) 2001 Agere Systems   All rights reserved.
Copyright (c) 2002-2017 Lattice Semiconductor Corporation,  All rights reserved.


Loading design for application Bitgen from file lab6_impl1.ncd.
Design name: sem
NCD version: 3.3
Vendor:      LATTICE
Device:      LFXP2-8E
Package:     TQFP144
Performance: 5
Loading device for application Bitgen from file 'mg5a33x38.nph' in environment: C:/lscc/diamond/3.10_x64/ispfpga.
Package Status:                     Final          Version 1.47.
Performance Hardware Data Status:   Final          Version 11.5.

Running DRC.
DRC detected 0 errors and 0 warnings.
Reading Preference File from lab6_impl1.prf.

Preference Summary:
+---------------------------------+---------------------------------+
|  Preference                     |  Current Setting                |
+---------------------------------+---------------------------------+
|                         RamCfg  |                        Reset**  |
+---------------------------------+---------------------------------+
|                        DONE_EX  |                          OFF**  |
+---------------------------------+---------------------------------+
|                        DONE_OD  |                           ON**  |
+---------------------------------+---------------------------------+
|                  CONFIG_SECURE  |                          OFF**  |
+---------------------------------+---------------------------------+
|                        WAKE_UP  |                           21**  |
+---------------------------------+---------------------------------+
|                   WAKE_ON_LOCK  |                          OFF**  |
+---------------------------------+---------------------------------+
|                          INBUF  |                           ON**  |
+---------------------------------+---------------------------------+
|                     TAG_MEMORY  |                       NORMAL**  |
+---------------------------------+---------------------------------+
|                        MY_ASSP  |                          OFF**  |
+---------------------------------+---------------------------------+
|               ONE_TIME_PROGRAM  |                          OFF**  |
+---------------------------------+---------------------------------+
|                 SLAVE_SPI_PORT  |                      DISABLE**  |
+---------------------------------+---------------------------------+
|                MASTER_SPI_PORT  |                      DISABLE**  |
+---------------------------------+---------------------------------+
|                     DisableUES  |                        FALSE**  |
+---------------------------------+---------------------------------+
 *  Default setting.
 ** The specified setting matches the default setting.


Creating bit map...
Saving bit stream in "lab6_impl1.jed".
